#
# There is insufficient memory for the Java Runtime Environment to continue.
# Native memory allocation (malloc) failed to allocate 1940576 bytes for Chunk::new
# Possible reasons:
#   The system is out of physical RAM or swap space
#   In 32 bit mode, the process size limit was hit
# Possible solutions:
#   Reduce memory load on the system
#   Increase physical memory or swap space
#   Check if swap backing store is full
#   Use 64 bit Java on a 64 bit OS
#   Decrease Java heap size (-Xmx/-Xms)
#   Decrease number of Java threads
#   Decrease Java thread stack sizes (-Xss)
#   Set larger code cache with -XX:ReservedCodeCacheSize=
# This output file may be truncated or incomplete.
#
#  Out of Memory Error (allocation.cpp:390), pid=7792, tid=7940
#
# JRE version: Java(TM) SE Runtime Environment (8.0_60-b27) (build 1.8.0_60-b27)
# Java VM: Java HotSpot(TM) 64-Bit Server VM (25.60-b23 mixed mode windows-amd64 compressed oops)
# Failed to write core dump. Minidumps are not enabled by default on client versions of Windows
#

---------------  T H R E A D  ---------------

Current thread (0x00000000173ce800):  JavaThread "C2 CompilerThread1" daemon [_thread_in_native, id=7940, stack(0x0000000017aa0000,0x0000000017ba0000)]

Stack: [0x0000000017aa0000,0x0000000017ba0000]
[error occurred during error reporting (printing stack bounds), id 0xc0000005]

Native frames: (J=compiled Java code, j=interpreted, Vv=VM code, C=native code)


Current CompileTask:
C2:  16679 6820       4       java.lang.String::format (16 bytes)


---------------  P R O C E S S  ---------------

Java Threads: ( => current thread )
  0x000000001cc00000 JavaThread "Forward streams with process: command 'C:\Program Files\Java\jdk1.8.0_60\bin\java.exe' Thread 3" [_thread_in_native, id=6256, stack(0x0000000023bc0000,0x0000000023cc0000)]
  0x000000001cc03000 JavaThread "Forward streams with process: command 'C:\Program Files\Java\jdk1.8.0_60\bin\java.exe' Thread 2" [_thread_in_native, id=2776, stack(0x0000000023ac0000,0x0000000023bc0000)]
  0x000000001cbfd000 JavaThread "Forward streams with process: command 'C:\Program Files\Java\jdk1.8.0_60\bin\java.exe'" [_thread_blocked, id=5000, stack(0x00000000239c0000,0x0000000023ac0000)]
  0x000000001fb71800 JavaThread "Forward streams with process: command 'C:\Program Files\Java\jdk1.8.0_60\bin\java.exe' Thread 3" [_thread_in_native, id=4924, stack(0x00000000238c0000,0x00000000239c0000)]
  0x000000001fb70800 JavaThread "Forward streams with process: command 'C:\Program Files\Java\jdk1.8.0_60\bin\java.exe' Thread 2" [_thread_in_native, id=9656, stack(0x00000000237c0000,0x00000000238c0000)]
  0x000000001fb70000 JavaThread "Forward streams with process: command 'C:\Program Files\Java\jdk1.8.0_60\bin\java.exe'" [_thread_blocked, id=10096, stack(0x00000000236c0000,0x00000000237c0000)]
  0x000000001fb74800 JavaThread "Forward streams with process: command 'C:\Program Files\Java\jdk1.8.0_60\bin\java.exe' Thread 3" [_thread_in_native, id=5612, stack(0x00000000235c0000,0x00000000236c0000)]
  0x000000001fb73000 JavaThread "Forward streams with process: command 'C:\Program Files\Java\jdk1.8.0_60\bin\java.exe' Thread 2" [_thread_in_native, id=6420, stack(0x00000000234c0000,0x00000000235c0000)]
  0x000000001fb6e800 JavaThread "Forward streams with process: command 'C:\Program Files\Java\jdk1.8.0_60\bin\java.exe'" [_thread_blocked, id=4212, stack(0x00000000233c0000,0x00000000234c0000)]
  0x000000001fb72000 JavaThread "Forward streams with process: command 'C:\Program Files\Java\jdk1.8.0_60\bin\java.exe' Thread 3" [_thread_in_native, id=4136, stack(0x00000000231c0000,0x00000000232c0000)]
  0x000000001fb73800 JavaThread "Forward streams with process: command 'C:\Program Files\Java\jdk1.8.0_60\bin\java.exe' Thread 2" [_thread_in_native, id=5724, stack(0x00000000230c0000,0x00000000231c0000)]
  0x000000001fb65800 JavaThread "Forward streams with process: command 'C:\Program Files\Java\jdk1.8.0_60\bin\java.exe'" [_thread_blocked, id=4428, stack(0x0000000022bc0000,0x0000000022cc0000)]
  0x000000001fb67000 JavaThread "Forward streams with process: command 'C:\Program Files\Java\jdk1.8.0_60\bin\java.exe' Thread 3" [_thread_in_native, id=2944, stack(0x0000000022fc0000,0x00000000230c0000)]
  0x000000001fb6d800 JavaThread "Forward streams with process: command 'C:\Program Files\Java\jdk1.8.0_60\bin\java.exe' Thread 2" [_thread_in_native, id=7820, stack(0x0000000022ec0000,0x0000000022fc0000)]
  0x000000001fb66000 JavaThread "Forward streams with process: command 'C:\Program Files\Java\jdk1.8.0_60\bin\java.exe'" [_thread_blocked, id=9960, stack(0x0000000022dc0000,0x0000000022ec0000)]
  0x000000001fb6d000 JavaThread "Forward streams with process: command 'C:\Program Files\Java\jdk1.8.0_60\bin\java.exe' Thread 3" [_thread_in_native, id=9764, stack(0x0000000022cc0000,0x0000000022dc0000)]
  0x000000001fb69000 JavaThread "Forward streams with process: command 'C:\Program Files\Java\jdk1.8.0_60\bin\java.exe' Thread 3" [_thread_in_native, id=2400, stack(0x0000000022ac0000,0x0000000022bc0000)]
  0x000000001fb6c000 JavaThread "Forward streams with process: command 'C:\Program Files\Java\jdk1.8.0_60\bin\java.exe' Thread 2" [_thread_in_native, id=9172, stack(0x00000000229c0000,0x0000000022ac0000)]
  0x000000001fb68800 JavaThread "Forward streams with process: command 'C:\Program Files\Java\jdk1.8.0_60\bin\java.exe' Thread 2" [_thread_in_native, id=9808, stack(0x00000000228c0000,0x00000000229c0000)]
  0x000000001fb6b800 JavaThread "Forward streams with process: command 'C:\Program Files\Java\jdk1.8.0_60\bin\java.exe'" [_thread_blocked, id=8432, stack(0x00000000227c0000,0x00000000228c0000)]
  0x000000001fb67800 JavaThread "Forward streams with process: command 'C:\Program Files\Java\jdk1.8.0_60\bin\java.exe'" [_thread_blocked, id=4896, stack(0x00000000226c0000,0x00000000227c0000)]
  0x000000001fb6a800 JavaThread "Run command 'C:\Program Files\Java\jdk1.8.0_60\bin\java.exe'" [_thread_in_native, id=7584, stack(0x00000000225c0000,0x00000000226c0000)]
  0x000000001fb6a000 JavaThread "Run command 'C:\Program Files\Java\jdk1.8.0_60\bin\java.exe'" [_thread_in_native, id=2560, stack(0x00000000224c0000,0x00000000225c0000)]
  0x00000000182ab800 JavaThread "Run command 'C:\Program Files\Java\jdk1.8.0_60\bin\java.exe'" [_thread_in_native, id=5436, stack(0x00000000223c0000,0x00000000224c0000)]
  0x00000000182aa800 JavaThread "Run command 'C:\Program Files\Java\jdk1.8.0_60\bin\java.exe'" [_thread_in_native, id=5740, stack(0x00000000222c0000,0x00000000223c0000)]
  0x00000000182a6800 JavaThread "Run command 'C:\Program Files\Java\jdk1.8.0_60\bin\java.exe'" [_thread_in_native, id=2928, stack(0x00000000221c0000,0x00000000222c0000)]
  0x00000000182a9000 JavaThread "Run command 'C:\Program Files\Java\jdk1.8.0_60\bin\java.exe'" [_thread_in_native, id=2148, stack(0x00000000220c0000,0x00000000221c0000)]
  0x00000000182aa000 JavaThread "Run command 'C:\Program Files\Java\jdk1.8.0_60\bin\java.exe'" [_thread_in_native, id=4112, stack(0x0000000021fc0000,0x00000000220c0000)]
  0x00000000182a6000 JavaThread "pool-1-thread-7" [_thread_blocked, id=4776, stack(0x0000000021cc0000,0x0000000021dc0000)]
  0x00000000182a8800 JavaThread "pool-1-thread-6" [_thread_blocked, id=6332, stack(0x00000000216e0000,0x00000000217e0000)]
  0x00000000182a5000 JavaThread "pool-1-thread-5" [_thread_blocked, id=9160, stack(0x0000000021150000,0x0000000021250000)]
  0x00000000182ac000 JavaThread "pool-1-thread-4" [_thread_blocked, id=5308, stack(0x0000000020c50000,0x0000000020d50000)]
  0x00000000182a7800 JavaThread "pool-1-thread-3" [_thread_blocked, id=1496, stack(0x000000001e3a0000,0x000000001e4a0000)]
  0x000000001d55e000 JavaThread "pool-1-thread-2" [_thread_blocked, id=2212, stack(0x000000001cfb0000,0x000000001d0b0000)]
  0x000000001d563000 JavaThread "pool-1-thread-1" [_thread_blocked, id=9684, stack(0x000000001a9b0000,0x000000001aab0000)]
  0x000000001d561800 JavaThread "Stdin handler" [_thread_blocked, id=2796, stack(0x000000001a390000,0x000000001a490000)]
  0x000000001d55f800 JavaThread "Cancel handler" [_thread_blocked, id=5160, stack(0x000000001a190000,0x000000001a290000)]
  0x000000001d564000 JavaThread "Handler for socket connection from /127.0.0.1:64053 to /127.0.0.1:64090" [_thread_in_native, id=5752, stack(0x000000001a090000,0x000000001a190000)]
  0x00000000190f5000 JavaThread "File lock request listener" [_thread_in_native, id=1728, stack(0x000000001a690000,0x000000001a790000)]
  0x0000000019163800 JavaThread "Daemon worker" [_thread_blocked, id=2460, stack(0x000000001a290000,0x000000001a390000)]
  0x0000000018f4c000 JavaThread "Daemon" [_thread_blocked, id=1408, stack(0x0000000019f90000,0x000000001a090000)]
  0x0000000018e57000 JavaThread "Incoming local TCP Connector on port 64053" [_thread_in_native, id=5520, stack(0x00000000187a0000,0x00000000188a0000)]
  0x0000000017405000 JavaThread "Service Thread" daemon [_thread_blocked, id=492, stack(0x0000000017da0000,0x0000000017ea0000)]
  0x00000000173d9800 JavaThread "C1 CompilerThread3" daemon [_thread_blocked, id=5100, stack(0x0000000017ca0000,0x0000000017da0000)]
  0x00000000173d4800 JavaThread "C2 CompilerThread2" daemon [_thread_blocked, id=1120, stack(0x0000000017ba0000,0x0000000017ca0000)]
=>0x00000000173ce800 JavaThread "C2 CompilerThread1" daemon [_thread_in_native, id=7940, stack(0x0000000017aa0000,0x0000000017ba0000)]
  0x00000000173c9000 JavaThread "C2 CompilerThread0" daemon [_thread_blocked, id=7460, stack(0x00000000179a0000,0x0000000017aa0000)]
  0x00000000173c7800 JavaThread "Attach Listener" daemon [_thread_blocked, id=1612, stack(0x00000000178a0000,0x00000000179a0000)]
  0x00000000173c4000 JavaThread "Signal Dispatcher" daemon [_thread_blocked, id=3508, stack(0x00000000177a0000,0x00000000178a0000)]
  0x0000000002769800 JavaThread "Finalizer" daemon [_thread_blocked, id=7488, stack(0x0000000017190000,0x0000000017290000)]
  0x0000000002763000 JavaThread "Reference Handler" daemon [_thread_blocked, id=2720, stack(0x0000000017090000,0x0000000017190000)]
  0x00000000008fe000 JavaThread "main" [_thread_blocked, id=10452, stack(0x0000000002570000,0x0000000002670000)]

Other Threads:
  0x00000000152a9000 VMThread [stack: 0x0000000016f90000,0x0000000017090000] [id=7688]
  0x000000001740b000 WatcherThread [stack: 0x0000000017ea0000,0x0000000017fa0000] [id=5064]

VM state:not at safepoint (normal execution)

VM Mutex/Monitor currently owned by a thread: None

Heap:
 PSYoungGen      total 244224K, used 42121K [0x00000000eab00000, 0x00000000fdd80000, 0x0000000100000000)
  eden space 223744K, 15% used [0x00000000eab00000,0x00000000ecc2c2b0,0x00000000f8580000)
  from space 20480K, 39% used [0x00000000f9e80000,0x00000000fa676440,0x00000000fb280000)
  to   space 25600K, 0% used [0x00000000f8580000,0x00000000f8580000,0x00000000f9e80000)
 ParOldGen       total 106496K, used 38051K [0x00000000c0000000, 0x00000000c6800000, 0x00000000eab00000)
  object space 106496K, 35% used [0x00000000c0000000,0x00000000c2528fc8,0x00000000c6800000)
 Metaspace       used 45865K, capacity 47852K, committed 48128K, reserved 1091584K
  class space    used 6321K, capacity 6812K, committed 6912K, reserved 1048576K

Card table byte_map: [0x0000000011b30000,0x0000000011d40000] byte_map_base: 0x0000000011530000

Marking Bits: (ParMarkBitMap*) 0x000000005988a5b0
 Begin Bits: [0x00000000126a0000, 0x00000000136a0000)
 End Bits:   [0x00000000136a0000, 0x00000000146a0000)

Polling page: 0x00000000023f0000

CodeCache: size=245760Kb used=23797Kb max_used=24225Kb free=221962Kb
 bounds [0x0000000002770000, 0x0000000003f40000, 0x0000000011770000]
 total_blobs=7000 nmethods=6311 adapters=600
 compilation: enabled

Compilation events (10 events):
Event: 16.632 Thread 0x00000000173d9800 7259       3       java.lang.ProcessEnvironment$EntryComparator::compare (25 bytes)
Event: 16.632 Thread 0x00000000173d9800 nmethod 7259 0x0000000002a2b310 code [0x0000000002a2b4c0, 0x0000000002a2ba88]
Event: 16.636 Thread 0x00000000173c9000 nmethod 7257 0x00000000034a6e50 code [0x00000000034a6fc0, 0x00000000034a76c8]
Event: 16.636 Thread 0x00000000173d4800 nmethod 7255 0x0000000002b16e50 code [0x0000000002b17080, 0x0000000002b17e58]
Event: 16.637 Thread 0x00000000173d9800 7260       3       java.util.concurrent.locks.AbstractQueuedSynchronizer::acquire (27 bytes)
Event: 16.638 Thread 0x00000000173d9800 nmethod 7260 0x000000000395b7d0 code [0x000000000395b980, 0x000000000395be38]
Event: 16.640 Thread 0x00000000173d9800 7261       3       java.util.concurrent.SynchronousQueue$TransferStack::shouldSpin (30 bytes)
Event: 16.640 Thread 0x00000000173d9800 nmethod 7261 0x0000000002a273d0 code [0x0000000002a27540, 0x0000000002a27830]
Event: 16.642 Thread 0x00000000173d9800 7262       3       java.lang.ProcessEnvironment::addToEnv (20 bytes)
Event: 16.643 Thread 0x00000000173d9800 nmethod 7262 0x0000000002c30b90 code [0x0000000002c30d80, 0x0000000002c316b8]

GC Heap History (10 events):
Event: 4.722 GC heap before
{Heap before GC invocations=9 (full 2):
 PSYoungGen      total 169472K, used 14284K [0x00000000eab00000, 0x00000000fb580000, 0x0000000100000000)
  eden space 153088K, 0% used [0x00000000eab00000,0x00000000eab00000,0x00000000f4080000)
  from space 16384K, 87% used [0x00000000f4080000,0x00000000f4e733c0,0x00000000f5080000)
  to   space 18944K, 0% used [0x00000000fa300000,0x00000000fa300000,0x00000000fb580000)
 ParOldGen       total 69632K, used 11672K [0x00000000c0000000, 0x00000000c4400000, 0x00000000eab00000)
  object space 69632K, 16% used [0x00000000c0000000,0x00000000c0b660b8,0x00000000c4400000)
 Metaspace       used 34577K, capacity 35308K, committed 35496K, reserved 1079296K
  class space    used 4631K, capacity 4836K, committed 4864K, reserved 1048576K
Event: 4.790 GC heap after
Heap after GC invocations=9 (full 2):
 PSYoungGen      total 169472K, used 0K [0x00000000eab00000, 0x00000000fb580000, 0x0000000100000000)
  eden space 153088K, 0% used [0x00000000eab00000,0x00000000eab00000,0x00000000f4080000)
  from space 16384K, 0% used [0x00000000f4080000,0x00000000f4080000,0x00000000f5080000)
  to   space 18944K, 0% used [0x00000000fa300000,0x00000000fa300000,0x00000000fb580000)
 ParOldGen       total 106496K, used 20505K [0x00000000c0000000, 0x00000000c6800000, 0x00000000eab00000)
  object space 106496K, 19% used [0x00000000c0000000,0x00000000c1406460,0x00000000c6800000)
 Metaspace       used 34557K, capacity 35286K, committed 35496K, reserved 1079296K
  class space    used 4625K, capacity 4830K, committed 4864K, reserved 1048576K
}
Event: 8.484 GC heap before
{Heap before GC invocations=10 (full 2):
 PSYoungGen      total 169472K, used 153088K [0x00000000eab00000, 0x00000000fb580000, 0x0000000100000000)
  eden space 153088K, 100% used [0x00000000eab00000,0x00000000f4080000,0x00000000f4080000)
  from space 16384K, 0% used [0x00000000f4080000,0x00000000f4080000,0x00000000f5080000)
  to   space 18944K, 0% used [0x00000000fa300000,0x00000000fa300000,0x00000000fb580000)
 ParOldGen       total 106496K, used 20505K [0x00000000c0000000, 0x00000000c6800000, 0x00000000eab00000)
  object space 106496K, 19% used [0x00000000c0000000,0x00000000c1406460,0x00000000c6800000)
 Metaspace       used 40561K, capacity 41570K, committed 41728K, reserved 1085440K
  class space    used 5547K, capacity 5810K, committed 5888K, reserved 1048576K
Event: 8.520 GC heap after
Heap after GC invocations=10 (full 2):
 PSYoungGen      total 235520K, used 18923K [0x00000000eab00000, 0x00000000fb580000, 0x0000000100000000)
  eden space 216576K, 0% used [0x00000000eab00000,0x00000000eab00000,0x00000000f7e80000)
  from space 18944K, 99% used [0x00000000fa300000,0x00000000fb57add8,0x00000000fb580000)
  to   space 23040K, 0% used [0x00000000f8880000,0x00000000f8880000,0x00000000f9f00000)
 ParOldGen       total 106496K, used 21467K [0x00000000c0000000, 0x00000000c6800000, 0x00000000eab00000)
  object space 106496K, 20% used [0x00000000c0000000,0x00000000c14f6e60,0x00000000c6800000)
 Metaspace       used 40561K, capacity 41570K, committed 41728K, reserved 1085440K
  class space    used 5547K, capacity 5810K, committed 5888K, reserved 1048576K
}
Event: 9.707 GC heap before
{Heap before GC invocations=11 (full 2):
 PSYoungGen      total 235520K, used 84073K [0x00000000eab00000, 0x00000000fb580000, 0x0000000100000000)
  eden space 216576K, 30% used [0x00000000eab00000,0x00000000eea9f738,0x00000000f7e80000)
  from space 18944K, 99% used [0x00000000fa300000,0x00000000fb57add8,0x00000000fb580000)
  to   space 23040K, 0% used [0x00000000f8880000,0x00000000f8880000,0x00000000f9f00000)
 ParOldGen       total 106496K, used 21467K [0x00000000c0000000, 0x00000000c6800000, 0x00000000eab00000)
  object space 106496K, 20% used [0x00000000c0000000,0x00000000c14f6e60,0x00000000c6800000)
 Metaspace       used 42805K, capacity 44472K, committed 44800K, reserved 1087488K
  class space    used 5933K, capacity 6314K, committed 6400K, reserved 1048576K
Event: 9.725 GC heap after
Heap after GC invocations=11 (full 2):
 PSYoungGen      total 239104K, used 22114K [0x00000000eab00000, 0x00000000fb280000, 0x0000000100000000)
  eden space 216576K, 0% used [0x00000000eab00000,0x00000000eab00000,0x00000000f7e80000)
  from space 22528K, 98% used [0x00000000f8880000,0x00000000f9e189c8,0x00000000f9e80000)
  to   space 20480K, 0% used [0x00000000f9e80000,0x00000000f9e80000,0x00000000fb280000)
 ParOldGen       total 106496K, used 21475K [0x00000000c0000000, 0x00000000c6800000, 0x00000000eab00000)
  object space 106496K, 20% used [0x00000000c0000000,0x00000000c14f8e60,0x00000000c6800000)
 Metaspace       used 42805K, capacity 44472K, committed 44800K, reserved 1087488K
  class space    used 5933K, capacity 6314K, committed 6400K, reserved 1048576K
}
Event: 9.725 GC heap before
{Heap before GC invocations=12 (full 3):
 PSYoungGen      total 239104K, used 22114K [0x00000000eab00000, 0x00000000fb280000, 0x0000000100000000)
  eden space 216576K, 0% used [0x00000000eab00000,0x00000000eab00000,0x00000000f7e80000)
  from space 22528K, 98% used [0x00000000f8880000,0x00000000f9e189c8,0x00000000f9e80000)
  to   space 20480K, 0% used [0x00000000f9e80000,0x00000000f9e80000,0x00000000fb280000)
 ParOldGen       total 106496K, used 21475K [0x00000000c0000000, 0x00000000c6800000, 0x00000000eab00000)
  object space 106496K, 20% used [0x00000000c0000000,0x00000000c14f8e60,0x00000000c6800000)
 Metaspace       used 42805K, capacity 44472K, committed 44800K, reserved 1087488K
  class space    used 5933K, capacity 6314K, committed 6400K, reserved 1048576K
Event: 10.009 GC heap after
Heap after GC invocations=12 (full 3):
 PSYoungGen      total 239104K, used 0K [0x00000000eab00000, 0x00000000fb280000, 0x0000000100000000)
  eden space 216576K, 0% used [0x00000000eab00000,0x00000000eab00000,0x00000000f7e80000)
  from space 22528K, 0% used [0x00000000f8880000,0x00000000f8880000,0x00000000f9e80000)
  to   space 20480K, 0% used [0x00000000f9e80000,0x00000000f9e80000,0x00000000fb280000)
 ParOldGen       total 106496K, used 38043K [0x00000000c0000000, 0x00000000c6800000, 0x00000000eab00000)
  object space 106496K, 35% used [0x00000000c0000000,0x00000000c2526fc8,0x00000000c6800000)
 Metaspace       used 42805K, capacity 44472K, committed 44800K, reserved 1087488K
  class space    used 5933K, capacity 6314K, committed 6400K, reserved 1048576K
}
Event: 16.601 GC heap before
{Heap before GC invocations=13 (full 3):
 PSYoungGen      total 239104K, used 216576K [0x00000000eab00000, 0x00000000fb280000, 0x0000000100000000)
  eden space 216576K, 100% used [0x00000000eab00000,0x00000000f7e80000,0x00000000f7e80000)
  from space 22528K, 0% used [0x00000000f8880000,0x00000000f8880000,0x00000000f9e80000)
  to   space 20480K, 0% used [0x00000000f9e80000,0x00000000f9e80000,0x00000000fb280000)
 ParOldGen       total 106496K, used 38043K [0x00000000c0000000, 0x00000000c6800000, 0x00000000eab00000)
  object space 106496K, 35% used [0x00000000c0000000,0x00000000c2526fc8,0x00000000c6800000)
 Metaspace       used 45694K, capacity 47692K, committed 47744K, reserved 1089536K
  class space    used 6293K, capacity 6780K, committed 6784K, reserved 1048576K
Event: 16.607 GC heap after
Heap after GC invocations=13 (full 3):
 PSYoungGen      total 244224K, used 8153K [0x00000000eab00000, 0x00000000fdd80000, 0x0000000100000000)
  eden space 223744K, 0% used [0x00000000eab00000,0x00000000eab00000,0x00000000f8580000)
  from space 20480K, 39% used [0x00000000f9e80000,0x00000000fa676440,0x00000000fb280000)
  to   space 25600K, 0% used [0x00000000f8580000,0x00000000f8580000,0x00000000f9e80000)
 ParOldGen       total 106496K, used 38051K [0x00000000c0000000, 0x00000000c6800000, 0x00000000eab00000)
  object space 106496K, 35% used [0x00000000c0000000,0x00000000c2528fc8,0x00000000c6800000)
 Metaspace       used 45694K, capacity 47692K, committed 47744K, reserved 1089536K
  class space    used 6293K, capacity 6780K, committed 6784K, reserved 1048576K
}

Deoptimization events (10 events):
Event: 16.598 Thread 0x0000000019163800 Uncommon trap: reason=bimorphic action=maybe_recompile pc=0x0000000003413f7c method=java.util.AbstractList$Itr.next()Ljava/lang/Object; @ 14
Event: 16.598 Thread 0x0000000019163800 Uncommon trap: reason=bimorphic action=maybe_recompile pc=0x0000000003413f7c method=java.util.AbstractList$Itr.next()Ljava/lang/Object; @ 14
Event: 16.609 Thread 0x0000000002769800 Uncommon trap: reason=unstable_if action=reinterpret pc=0x0000000002dee4cc method=java.util.WeakHashMap.eq(Ljava/lang/Object;Ljava/lang/Object;)Z @ 2
Event: 16.620 Thread 0x00000000182a5000 Uncommon trap: reason=unstable_if action=reinterpret pc=0x00000000031927cc method=java.lang.ThreadLocal.get()Ljava/lang/Object; @ 11
Event: 16.620 Thread 0x00000000182ac000 Uncommon trap: reason=unstable_if action=reinterpret pc=0x00000000031927cc method=java.lang.ThreadLocal.get()Ljava/lang/Object; @ 11
Event: 16.620 Thread 0x000000001d563000 Uncommon trap: reason=unstable_if action=reinterpret pc=0x00000000031927cc method=java.lang.ThreadLocal.get()Ljava/lang/Object; @ 11
Event: 16.620 Thread 0x00000000182a8800 Uncommon trap: reason=unstable_if action=reinterpret pc=0x00000000031927cc method=java.lang.ThreadLocal.get()Ljava/lang/Object; @ 11
Event: 16.620 Thread 0x00000000182a7800 Uncommon trap: reason=unstable_if action=reinterpret pc=0x00000000031927cc method=java.lang.ThreadLocal.get()Ljava/lang/Object; @ 11
Event: 16.620 Thread 0x00000000182a6000 Uncommon trap: reason=unstable_if action=reinterpret pc=0x00000000031927cc method=java.lang.ThreadLocal.get()Ljava/lang/Object; @ 11
Event: 16.620 Thread 0x000000001d55e000 Uncommon trap: reason=unstable_if action=reinterpret pc=0x00000000031927cc method=java.lang.ThreadLocal.get()Ljava/lang/Object; @ 11

Internal exceptions (10 events):
Event: 16.285 Thread 0x0000000019163800 Exception <a 'java/lang/ClassNotFoundException': org/gradle/api/internal/file/collections/DefaultConfigurableFileCollectionCustomizer> (0x00000000f69ef850) thrown at [C:\re\workspace\8-2-build-windows-amd64-cygwin\jdk8u60\4407\hotspot\src\share\vm\classfil8gﬁuK0@
Event: 16.295 Thread 0x0000000019163800 Implicit null exception at 0x000000000327a65a to 0x000000000327a871
Event: 16.295 Thread 0x0000000019163800 Implicit null exception at 0x00000000030eac1a to 0x00000000030eac6d
Event: 16.620 Thread 0x00000000182a5000 Implicit null exception at 0x0000000003192728 to 0x00000000031927b9
Event: 16.620 Thread 0x00000000182ac000 Implicit null exception at 0x0000000003192728 to 0x00000000031927b9
Event: 16.620 Thread 0x000000001d563000 Implicit null exception at 0x0000000003192728 to 0x00000000031927b9
Event: 16.620 Thread 0x00000000182a8800 Implicit null exception at 0x0000000003192728 to 0x00000000031927b9
Event: 16.620 Thread 0x00000000182a7800 Implicit null exception at 0x0000000003192728 to 0x00000000031927b9
Event: 16.620 Thread 0x00000000182a6000 Implicit null exception at 0x0000000003192728 to 0x00000000031927b9
Event: 16.620 Thread 0x000000001d55e000 Implicit null exception at 0x0000000003192728 to 0x00000000031927b9

Events (10 events):
Event: 16.644 Thread 0x00000000173d9800 flushing nmethod 0x0000000002daf110
Event: 16.644 Thread 0x000000001fb6f000 Thread added: 0x000000001fb6f000
Event: 16.644 Thread 0x000000001cbfd000 Thread added: 0x000000001cbfd000
Event: 16.644 Thread 0x000000001cc03000 Thread added: 0x000000001cc03000
Event: 16.644 Thread 0x000000001cc00000 Thread added: 0x000000001cc00000
Event: 16.645 Executing VM operation: RevokeBias
Event: 16.646 Executing VM operation: RevokeBias done
Event: 16.646 Thread 0x000000001fb6f000 Thread exited: 0x000000001fb6f000
Event: 16.646 Executing VM operation: RevokeBias
Event: 16.646 Executing VM operation: RevokeBias done


Dynamic libraries:
0x00007ff776350000 - 0x00007ff776387000 	C:\Program Files\Java\jdk1.8.0_60\bin\java.exe
0x00007ffe87bc0000 - 0x00007ffe87d81000 	C:\WINDOWS\SYSTEM32\ntdll.dll
0x00007ffe857f0000 - 0x00007ffe8589d000 	C:\WINDOWS\system32\KERNEL32.DLL
0x00007ffe849d0000 - 0x00007ffe84bad000 	C:\WINDOWS\system32\KERNELBASE.dll
0x00007ffe852a0000 - 0x00007ffe85346000 	C:\WINDOWS\system32\ADVAPI32.dll
0x00007ffe85c10000 - 0x00007ffe85cad000 	C:\WINDOWS\system32\msvcrt.dll
0x00007ffe85730000 - 0x00007ffe8578b000 	C:\WINDOWS\system32\sechost.dll
0x00007ffe85d90000 - 0x00007ffe85eb6000 	C:\WINDOWS\system32\RPCRT4.dll
0x00007ffe87700000 - 0x00007ffe8784e000 	C:\WINDOWS\system32\USER32.dll
0x00007ffe87a20000 - 0x00007ffe87ba6000 	C:\WINDOWS\system32\GDI32.dll
0x00007ffe81310000 - 0x00007ffe81584000 	C:\WINDOWS\WinSxS\amd64_microsoft.windows.common-controls_6595b64144ccf1df_6.0.10240.16384_none_f41f7b285750ef43\COMCTL32.dll
0x00007ffe85540000 - 0x00007ffe85576000 	C:\WINDOWS\system32\IMM32.DLL
0x00007ffe858a0000 - 0x00007ffe859fc000 	C:\WINDOWS\system32\MSCTF.dll
0x0000000058c00000 - 0x0000000058cd2000 	C:\Program Files\Java\jdk1.8.0_60\jre\bin\msvcr100.dll
0x0000000059080000 - 0x0000000059909000 	C:\Program Files\Java\jdk1.8.0_60\jre\bin\server\jvm.dll
0x00007ffe85d80000 - 0x00007ffe85d88000 	C:\WINDOWS\system32\PSAPI.DLL
0x00007ffe82680000 - 0x00007ffe82689000 	C:\WINDOWS\SYSTEM32\WSOCK32.dll
0x00007ffe81aa0000 - 0x00007ffe81aaa000 	C:\WINDOWS\SYSTEM32\VERSION.dll
0x00007ffe85cb0000 - 0x00007ffe85d19000 	C:\WINDOWS\system32\WS2_32.dll
0x00007ffe85290000 - 0x00007ffe85298000 	C:\WINDOWS\system32\NSI.dll
0x00007ffe82880000 - 0x00007ffe828a3000 	C:\WINDOWS\SYSTEM32\WINMM.dll
0x00007ffe82820000 - 0x00007ffe8284c000 	C:\WINDOWS\SYSTEM32\WINMMBASE.dll
0x00007ffe84bb0000 - 0x00007ffe84bf4000 	C:\WINDOWS\system32\cfgmgr32.dll
0x00007ffe82f60000 - 0x00007ffe82f87000 	C:\WINDOWS\SYSTEM32\DEVOBJ.dll
0x0000000059070000 - 0x000000005907f000 	C:\Program Files\Java\jdk1.8.0_60\jre\bin\verify.dll
0x0000000059040000 - 0x0000000059069000 	C:\Program Files\Java\jdk1.8.0_60\jre\bin\java.dll
0x0000000059020000 - 0x0000000059036000 	C:\Program Files\Java\jdk1.8.0_60\jre\bin\zip.dll
0x00007ffe85ec0000 - 0x00007ffe873e2000 	C:\WINDOWS\system32\SHELL32.dll
0x00007ffe84c00000 - 0x00007ffe85228000 	C:\WINDOWS\system32\windows.storage.dll
0x00007ffe87460000 - 0x00007ffe876dc000 	C:\WINDOWS\system32\combase.dll
0x00007ffe85350000 - 0x00007ffe853a1000 	C:\WINDOWS\system32\shlwapi.dll
0x00007ffe84660000 - 0x00007ffe8466f000 	C:\WINDOWS\system32\kernel.appcore.dll
0x00007ffe84740000 - 0x00007ffe847f3000 	C:\WINDOWS\system32\shcore.dll
0x00007ffe84610000 - 0x00007ffe8465a000 	C:\WINDOWS\system32\powrprof.dll
0x00007ffe845f0000 - 0x00007ffe84603000 	C:\WINDOWS\system32\profapi.dll
0x0000000059000000 - 0x000000005901a000 	C:\Program Files\Java\jdk1.8.0_60\jre\bin\net.dll
0x00007ffe83e60000 - 0x00007ffe83ebd000 	C:\WINDOWS\system32\mswsock.dll
0x0000000058fe0000 - 0x0000000058ff1000 	C:\Program Files\Java\jdk1.8.0_60\jre\bin\nio.dll
0x00007ffe74930000 - 0x00007ffe74942000 	C:\Users\lprub\.gradle\native\19\windows-amd64\native-platform.dll
0x00007ffe82630000 - 0x00007ffe82668000 	C:\WINDOWS\SYSTEM32\IPHLPAPI.DLL
0x00007ffe82620000 - 0x00007ffe8262b000 	C:\WINDOWS\SYSTEM32\WINNSI.DLL
0x00007ffe7f080000 - 0x00007ffe7f096000 	C:\WINDOWS\SYSTEM32\dhcpcsvc6.DLL
0x00007ffe7e7f0000 - 0x00007ffe7e80a000 	C:\WINDOWS\SYSTEM32\dhcpcsvc.DLL
0x00007ffe83ec0000 - 0x00007ffe83ed7000 	C:\WINDOWS\SYSTEM32\CRYPTSP.dll
0x00007ffe84130000 - 0x00007ffe84158000 	C:\WINDOWS\SYSTEM32\bcrypt.dll
0x00007ffe83b10000 - 0x00007ffe83b43000 	C:\WINDOWS\system32\rsaenh.dll
0x00007ffe83c00000 - 0x00007ffe83c1f000 	C:\WINDOWS\SYSTEM32\USERENV.dll
0x00007ffe84440000 - 0x00007ffe844ab000 	C:\WINDOWS\system32\bcryptprimitives.dll
0x00007ffe84030000 - 0x00007ffe8403b000 	C:\WINDOWS\SYSTEM32\CRYPTBASE.dll
0x0000000058de0000 - 0x0000000058ded000 	C:\Program Files\Java\jdk1.8.0_60\jre\bin\management.dll

VM Arguments:
jvm_args: -XX:MaxPermSize=256m -XX:+HeapDumpOnOutOfMemoryError -Xmx1024m -Dfile.encoding=windows-1252 -Duser.country=ES -Duser.language=es -Duser.variant 
java_command: org.gradle.launcher.daemon.bootstrap.GradleDaemon 2.8
java_class_path (initial): C:\Users\lprub\.gradle\wrapper\dists\gradle-2.8-all\ah86jmo43de9lfa8xg9ux3c4h\gradle-2.8\lib\gradle-launcher-2.8.jar
Launcher Type: SUN_STANDARD

Environment Variables:
PATH=C:\ProgramData\Oracle\Java\javapath;C:\Program Files (x86)\Intel\iCLS Client\;C:\Program Files\Intel\iCLS Client\;C:\WINDOWS\system32;C:\WINDOWS;C:\WINDOWS\System32\Wbem;C:\WINDOWS\System32\WindowsPowerShell\v1.0\;C:\Program Files (x86)\NVIDIA Corporation\PhysX\Common;C:\Program Files (x86)\Intel\Intel(R) Management Engine Components\DAL;C:\Program Files\Intel\Intel(R) Management Engine Components\DAL;C:\Program Files (x86)\Intel\Intel(R) Management Engine Components\IPT;C:\Program Files\Intel\Intel(R) Management Engine Components\IPT;C:\Program Files (x86)\Brackets\command;C:\Program Files (x86)\Skype\Phone\
USERNAME=lprub
OS=Windows_NT
PROCESSOR_IDENTIFIER=Intel64 Family 6 Model 60 Stepping 3, GenuineIntel



---------------  S Y S T E M  ---------------

OS: Windows 10.0 , 64 bit Build 10240 (10.0.10240.16384)

CPU:total 8 (4 cores per cpu, 2 threads per core) family 6 model 60 stepping 3, cmov, cx8, fxsr, mmx, sse, sse2, sse3, ssse3, sse4.1, sse4.2, popcnt, avx, avx2, aes, clmul, erms, lzcnt, ht, tsc, tscinvbit, bmi1, bmi2

Memory: 4k page, physical 8314240k(1970056k free), swap 9362816k(5724k free)

vm_info: Java HotSpot(TM) 64-Bit Server VM (25.60-b23) for windows-amd64 JRE (1.8.0_60-b27), built on Aug  4 2015 11:06:27 by "java_re" with MS VC++ 10.0 (VS2010)

time: Mon Jan 18 18:37:29 2016
elapsed time: 16 seconds (0d 0h 0m 16s)

