#
# There is insufficient memory for the Java Runtime Environment to continue.
# Native memory allocation (malloc) failed to allocate 1139056 bytes for Chunk::new
# Possible reasons:
#   The system is out of physical RAM or swap space
#   In 32 bit mode, the process size limit was hit
# Possible solutions:
#   Reduce memory load on the system
#   Increase physical memory or swap space
#   Check if swap backing store is full
#   Use 64 bit Java on a 64 bit OS
#   Decrease Java heap size (-Xmx/-Xms)
#   Decrease number of Java threads
#   Decrease Java thread stack sizes (-Xss)
#   Set larger code cache with -XX:ReservedCodeCacheSize=
# This output file may be truncated or incomplete.
#
#  Out of Memory Error (allocation.cpp:390), pid=4212, tid=11436
#
# JRE version: Java(TM) SE Runtime Environment (8.0_60-b27) (build 1.8.0_60-b27)
# Java VM: Java HotSpot(TM) 64-Bit Server VM (25.60-b23 mixed mode windows-amd64 compressed oops)
# Failed to write core dump. Minidumps are not enabled by default on client versions of Windows
#

---------------  T H R E A D  ---------------

Current thread (0x0000000017286000):  JavaThread "C2 CompilerThread0" daemon [_thread_in_native, id=11436, stack(0x0000000017860000,0x0000000017960000)]

Stack: [0x0000000017860000,0x0000000017960000]
[error occurred during error reporting (printing stack bounds), id 0xc0000005]

Native frames: (J=compiled Java code, j=interpreted, Vv=VM code, C=native code)


Current CompileTask:
C2:   1864 1335       4       com.android.dx.ssa.SsaRenamer$BlockRenamer::process (191 bytes)


---------------  P R O C E S S  ---------------

Java Threads: ( => current thread )
  0x0000000017591800 JavaThread "pool-1-thread-4" [_thread_in_Java, id=11616, stack(0x0000000018a60000,0x0000000018b60000)]
  0x0000000017591000 JavaThread "pool-1-thread-3" [_thread_blocked, id=11612, stack(0x0000000018960000,0x0000000018a60000)]
  0x000000001758a000 JavaThread "pool-1-thread-2" [_thread_in_vm, id=11608, stack(0x0000000018860000,0x0000000018960000)]
  0x00000000175ea000 JavaThread "pool-2-thread-1" [_thread_blocked, id=11604, stack(0x0000000018760000,0x0000000018860000)]
  0x00000000175e9800 JavaThread "pool-1-thread-1" [_thread_in_vm, id=11600, stack(0x0000000018660000,0x0000000018760000)]
  0x0000000017311800 JavaThread "Service Thread" daemon [_thread_blocked, id=11480, stack(0x0000000017c60000,0x0000000017d60000)]
  0x0000000017293800 JavaThread "C1 CompilerThread3" daemon [_thread_blocked, id=11468, stack(0x0000000017b60000,0x0000000017c60000)]
  0x0000000017290800 JavaThread "C2 CompilerThread2" daemon [_thread_in_native, id=11460, stack(0x0000000017a60000,0x0000000017b60000)]
  0x000000001728b800 JavaThread "C2 CompilerThread1" daemon [_thread_in_native, id=11452, stack(0x0000000017960000,0x0000000017a60000)]
=>0x0000000017286000 JavaThread "C2 CompilerThread0" daemon [_thread_in_native, id=11436, stack(0x0000000017860000,0x0000000017960000)]
  0x0000000017284800 JavaThread "Attach Listener" daemon [_thread_blocked, id=11432, stack(0x0000000017760000,0x0000000017860000)]
  0x0000000017283800 JavaThread "Signal Dispatcher" daemon [_thread_blocked, id=11428, stack(0x0000000017660000,0x0000000017760000)]
  0x0000000002659000 JavaThread "Finalizer" daemon [_thread_blocked, id=11320, stack(0x0000000017060000,0x0000000017160000)]
  0x000000001517d000 JavaThread "Reference Handler" daemon [_thread_blocked, id=11316, stack(0x0000000016f60000,0x0000000017060000)]
  0x0000000002560800 JavaThread "main" [_thread_blocked, id=9356, stack(0x0000000002460000,0x0000000002560000)]

Other Threads:
  0x0000000015178800 VMThread [stack: 0x0000000016e60000,0x0000000016f60000] [id=11312]
  0x000000001731b000 WatcherThread [stack: 0x0000000017d60000,0x0000000017e60000] [id=11500]

VM state:synchronizing (normal execution)

VM Mutex/Monitor currently owned by a thread:  ([mutex/lock_event])
[0x000000000245c590] Safepoint_lock - owner thread: 0x0000000015178800
[0x000000000245c890] Threads_lock - owner thread: 0x0000000015178800
[0x000000000245d1a0] CompiledIC_lock - owner thread: 0x0000000017591000

Heap:
 PSYoungGen      total 38400K, used 36789K [0x00000000eab00000, 0x00000000ed580000, 0x0000000100000000)
  eden space 33280K, 95% used [0x00000000eab00000,0x00000000ec9f1a78,0x00000000ecb80000)
  from space 5120K, 99% used [0x00000000ecb80000,0x00000000ed07b9b8,0x00000000ed080000)
  to   space 5120K, 0% used [0x00000000ed080000,0x00000000ed080000,0x00000000ed580000)
 ParOldGen       total 87552K, used 682K [0x00000000c0000000, 0x00000000c5580000, 0x00000000eab00000)
  object space 87552K, 0% used [0x00000000c0000000,0x00000000c00aa8a8,0x00000000c5580000)
 Metaspace       used 6156K, capacity 7024K, committed 7296K, reserved 1056768K
  class space    used 600K, capacity 616K, committed 640K, reserved 1048576K

Card table byte_map: [0x0000000011a20000,0x0000000011c30000] byte_map_base: 0x0000000011420000

Marking Bits: (ParMarkBitMap*) 0x000000005988a5b0
 Begin Bits: [0x0000000012590000, 0x0000000013590000)
 End Bits:   [0x0000000013590000, 0x0000000014590000)

Polling page: 0x0000000000b30000

CodeCache: size=245760Kb used=5956Kb max_used=5956Kb free=239803Kb
 bounds [0x0000000002660000, 0x0000000002c40000, 0x0000000011660000]
 total_blobs=1688 nmethods=1419 adapters=182
 compilation: enabled

Compilation events (10 events):
Event: 1.848 Thread 0x0000000017293800 nmethod 1428 0x0000000002c20090 code [0x0000000002c20260, 0x0000000002c20cb8]
Event: 1.848 Thread 0x0000000017293800 1429       3       com.android.dx.cf.code.BytecodeArray::byteLength (10 bytes)
Event: 1.848 Thread 0x0000000017293800 nmethod 1429 0x0000000002c21110 code [0x0000000002c21260, 0x0000000002c21450]
Event: 1.848 Thread 0x0000000017293800 1439       3       com.android.dx.ssa.back.FirstFitLocalCombiningAllocator::handleLocalAssociatedParams (132 bytes)
Event: 1.848 Thread 0x0000000017293800 nmethod 1439 0x0000000002c21510 code [0x0000000002c217a0, 0x0000000002c226e8]
Event: 1.848 Thread 0x0000000017293800 1443   !   2       com.android.dx.cf.code.BytecodeArray::parseInstruction (2764 bytes)
Event: 1.855 Thread 0x0000000017293800 nmethod 1443 0x0000000002c22fd0 code [0x0000000002c23f00, 0x0000000002c2a4e8]
Event: 1.855 Thread 0x0000000017293800 1444       1       com.android.dx.cf.code.ByteOps::opInfo (6 bytes)
Event: 1.855 Thread 0x0000000017293800 nmethod 1444 0x0000000002c36550 code [0x0000000002c366a0, 0x0000000002c367b0]
Event: 1.855 Thread 0x0000000017293800 1450   !   2       com.android.dx.cf.code.BytecodeArray::parseInstruction (2764 bytes)

GC Heap History (2 events):
Event: 1.222 GC heap before
{Heap before GC invocations=1 (full 0):
 PSYoungGen      total 38400K, used 33280K [0x00000000eab00000, 0x00000000ed580000, 0x0000000100000000)
  eden space 33280K, 100% used [0x00000000eab00000,0x00000000ecb80000,0x00000000ecb80000)
  from space 5120K, 0% used [0x00000000ed080000,0x00000000ed080000,0x00000000ed580000)
  to   space 5120K, 0% used [0x00000000ecb80000,0x00000000ecb80000,0x00000000ed080000)
 ParOldGen       total 87552K, used 0K [0x00000000c0000000, 0x00000000c5580000, 0x00000000eab00000)
  object space 87552K, 0% used [0x00000000c0000000,0x00000000c0000000,0x00000000c5580000)
 Metaspace       used 5880K, capacity 6832K, committed 7040K, reserved 1056768K
  class space    used 595K, capacity 616K, committed 640K, reserved 1048576K
Event: 1.264 GC heap after
Heap after GC invocations=1 (full 0):
 PSYoungGen      total 38400K, used 5102K [0x00000000eab00000, 0x00000000ed580000, 0x0000000100000000)
  eden space 33280K, 0% used [0x00000000eab00000,0x00000000eab00000,0x00000000ecb80000)
  from space 5120K, 99% used [0x00000000ecb80000,0x00000000ed07b9b8,0x00000000ed080000)
  to   space 5120K, 0% used [0x00000000ed080000,0x00000000ed080000,0x00000000ed580000)
 ParOldGen       total 87552K, used 682K [0x00000000c0000000, 0x00000000c5580000, 0x00000000eab00000)
  object space 87552K, 0% used [0x00000000c0000000,0x00000000c00aa8a8,0x00000000c5580000)
 Metaspace       used 5880K, capacity 6832K, committed 7040K, reserved 1056768K
  class space    used 595K, capacity 616K, committed 640K, reserved 1048576K
}

Deoptimization events (6 events):
Event: 1.836 Thread 0x0000000017591000 Uncommon trap: reason=unstable_if action=reinterpret pc=0x0000000002b37e6c method=com.android.dx.ssa.SCCP.simulateStmt(Lcom/android/dx/ssa/SsaInsn;)V @ 53
Event: 1.847 Thread 0x000000001758a000 Uncommon trap: reason=class_check action=maybe_recompile pc=0x0000000002b5e1b8 method=com.android.dx.cf.code.BytecodeArray.parseInstruction(ILcom/android/dx/cf/code/BytecodeArray$Visitor;)I @ 1035
Event: 1.847 Thread 0x000000001758a000 Uncommon trap: reason=class_check action=maybe_recompile pc=0x0000000002b5e1b8 method=com.android.dx.cf.code.BytecodeArray.parseInstruction(ILcom/android/dx/cf/code/BytecodeArray$Visitor;)I @ 1035
Event: 1.848 Thread 0x0000000017591000 Uncommon trap: reason=class_check action=maybe_recompile pc=0x0000000002b5e1b8 method=com.android.dx.cf.code.BytecodeArray.parseInstruction(ILcom/android/dx/cf/code/BytecodeArray$Visitor;)I @ 1035
Event: 1.848 Thread 0x0000000017591000 Uncommon trap: reason=class_check action=maybe_recompile pc=0x0000000002b5e1b8 method=com.android.dx.cf.code.BytecodeArray.parseInstruction(ILcom/android/dx/cf/code/BytecodeArray$Visitor;)I @ 1035
Event: 1.859 Thread 0x0000000002560800 Uncommon trap: reason=unstable_if action=reinterpret pc=0x0000000002b2c1b8 method=com.android.dx.rop.cst.StdConstantPool.set(ILcom/android/dx/rop/cst/Constant;)V @ 12

Internal exceptions (2 events):
Event: 0.037 Thread 0x0000000002560800 Exception <a 'java/lang/NoSuchMethodError': Method sun.misc.Unsafe.defineClass(Ljava/lang/String;[BII)Ljava/lang/Class; name or signature does not match> (0x00000000eab0d590) thrown at [C:\re\workspace\8-2-build-windows-amd64-cygwin\jdk8u60\4407\hotspot\srÿ?q’Î£?
Event: 0.037 Thread 0x0000000002560800 Exception <a 'java/lang/NoSuchMethodError': Method sun.misc.Unsafe.prefetchRead(Ljava/lang/Object;J)V name or signature does not match> (0x00000000eab0d878) thrown at [C:\re\workspace\8-2-build-windows-amd64-cygwin\jdk8u60\4407\hotspot\src\share\vm\prims\j

Events (10 events):
Event: 1.848 Thread 0x0000000017591000 DEOPT UNPACKING pc=0x00000000026a582a sp=0x0000000018a5ea60 mode 2
Event: 1.848 Thread 0x0000000017591000 Uncommon trap: trap_request=0xffffffde fr.pc=0x0000000002b5e1b8
Event: 1.848 Thread 0x0000000017591000 DEOPT PACKING pc=0x0000000002b5e1b8 sp=0x0000000018a5e8b0
Event: 1.848 Thread 0x0000000017591000 DEOPT UNPACKING pc=0x00000000026a582a sp=0x0000000018a5e820 mode 2
Event: 1.853 Thread 0x0000000017591000 DEOPT PACKING pc=0x000000000294fa53 sp=0x0000000018a5e970
Event: 1.853 Thread 0x0000000017591000 DEOPT UNPACKING pc=0x00000000026a787f sp=0x0000000018a5e738 mode 0
Event: 1.859 Thread 0x0000000002560800 Uncommon trap: trap_request=0xffffff65 fr.pc=0x0000000002b2c1b8
Event: 1.859 Thread 0x0000000002560800 DEOPT PACKING pc=0x0000000002b2c1b8 sp=0x000000000255eb80
Event: 1.860 Thread 0x0000000002560800 DEOPT UNPACKING pc=0x00000000026a582a sp=0x000000000255ead8 mode 2
Event: 1.861 Executing VM operation: ForceSafepoint


Dynamic libraries:
0x00007ff776350000 - 0x00007ff776387000 	C:\Program Files\Java\jdk1.8.0_60\bin\java.exe
0x00007ffe87bc0000 - 0x00007ffe87d81000 	C:\WINDOWS\SYSTEM32\ntdll.dll
0x00007ffe857f0000 - 0x00007ffe8589d000 	C:\WINDOWS\system32\KERNEL32.DLL
0x00007ffe849d0000 - 0x00007ffe84bad000 	C:\WINDOWS\system32\KERNELBASE.dll
0x00007ffe852a0000 - 0x00007ffe85346000 	C:\WINDOWS\system32\ADVAPI32.dll
0x00007ffe85c10000 - 0x00007ffe85cad000 	C:\WINDOWS\system32\msvcrt.dll
0x00007ffe85730000 - 0x00007ffe8578b000 	C:\WINDOWS\system32\sechost.dll
0x00007ffe85d90000 - 0x00007ffe85eb6000 	C:\WINDOWS\system32\RPCRT4.dll
0x00007ffe87700000 - 0x00007ffe8784e000 	C:\WINDOWS\system32\USER32.dll
0x00007ffe87a20000 - 0x00007ffe87ba6000 	C:\WINDOWS\system32\GDI32.dll
0x00007ffe81310000 - 0x00007ffe81584000 	C:\WINDOWS\WinSxS\amd64_microsoft.windows.common-controls_6595b64144ccf1df_6.0.10240.16384_none_f41f7b285750ef43\COMCTL32.dll
0x00007ffe85540000 - 0x00007ffe85576000 	C:\WINDOWS\system32\IMM32.DLL
0x00007ffe858a0000 - 0x00007ffe859fc000 	C:\WINDOWS\system32\MSCTF.dll
0x0000000058c00000 - 0x0000000058cd2000 	C:\Program Files\Java\jdk1.8.0_60\jre\bin\msvcr100.dll
0x0000000059080000 - 0x0000000059909000 	C:\Program Files\Java\jdk1.8.0_60\jre\bin\server\jvm.dll
0x00007ffe85d80000 - 0x00007ffe85d88000 	C:\WINDOWS\system32\PSAPI.DLL
0x00007ffe82680000 - 0x00007ffe82689000 	C:\WINDOWS\SYSTEM32\WSOCK32.dll
0x00007ffe85cb0000 - 0x00007ffe85d19000 	C:\WINDOWS\system32\WS2_32.dll
0x00007ffe85290000 - 0x00007ffe85298000 	C:\WINDOWS\system32\NSI.dll
0x00007ffe82880000 - 0x00007ffe828a3000 	C:\WINDOWS\SYSTEM32\WINMM.dll
0x00007ffe81aa0000 - 0x00007ffe81aaa000 	C:\WINDOWS\SYSTEM32\VERSION.dll
0x00007ffe82820000 - 0x00007ffe8284c000 	C:\WINDOWS\SYSTEM32\WINMMBASE.dll
0x00007ffe84bb0000 - 0x00007ffe84bf4000 	C:\WINDOWS\system32\cfgmgr32.dll
0x00007ffe82f60000 - 0x00007ffe82f87000 	C:\WINDOWS\SYSTEM32\DEVOBJ.dll
0x0000000059070000 - 0x000000005907f000 	C:\Program Files\Java\jdk1.8.0_60\jre\bin\verify.dll
0x0000000059040000 - 0x0000000059069000 	C:\Program Files\Java\jdk1.8.0_60\jre\bin\java.dll
0x0000000059020000 - 0x0000000059036000 	C:\Program Files\Java\jdk1.8.0_60\jre\bin\zip.dll
0x00007ffe85ec0000 - 0x00007ffe873e2000 	C:\WINDOWS\system32\SHELL32.dll
0x00007ffe84c00000 - 0x00007ffe85228000 	C:\WINDOWS\system32\windows.storage.dll
0x00007ffe87460000 - 0x00007ffe876dc000 	C:\WINDOWS\system32\combase.dll
0x00007ffe85350000 - 0x00007ffe853a1000 	C:\WINDOWS\system32\shlwapi.dll
0x00007ffe84660000 - 0x00007ffe8466f000 	C:\WINDOWS\system32\kernel.appcore.dll
0x00007ffe84740000 - 0x00007ffe847f3000 	C:\WINDOWS\system32\shcore.dll
0x00007ffe84610000 - 0x00007ffe8465a000 	C:\WINDOWS\system32\powrprof.dll
0x00007ffe845f0000 - 0x00007ffe84603000 	C:\WINDOWS\system32\profapi.dll

VM Arguments:
jvm_args: -Djava.awt.headless=true -Xmx1024M -Dfile.encoding=windows-1252 -Duser.country=ES -Duser.language=es -Duser.variant 
java_command: com.android.dx.command.Main --dex --num-threads=4 --output C:\Users\lprub\Desktop\Musica\app\build\intermediates\pre-dexed\debug\internal_impl-23.1.1_3350017731b497a7e3df587a96ffed6b5dff9f79.jar C:\Users\lprub\Desktop\Musica\app\build\intermediates\exploded-aar\com.android.support\support-v4\23.1.1\jars\libs\internal_impl-23.1.1.jar
java_class_path (initial): C:\Users\lprub\AppData\Local\Android\sdk\build-tools\23.0.2\lib\dx.jar
Launcher Type: SUN_STANDARD

Environment Variables:
PATH=C:\ProgramData\Oracle\Java\javapath;C:\Program Files (x86)\Intel\iCLS Client\;C:\Program Files\Intel\iCLS Client\;C:\WINDOWS\system32;C:\WINDOWS;C:\WINDOWS\System32\Wbem;C:\WINDOWS\System32\WindowsPowerShell\v1.0\;C:\Program Files (x86)\NVIDIA Corporation\PhysX\Common;C:\Program Files (x86)\Intel\Intel(R) Management Engine Components\DAL;C:\Program Files\Intel\Intel(R) Management Engine Components\DAL;C:\Program Files (x86)\Intel\Intel(R) Management Engine Components\IPT;C:\Program Files\Intel\Intel(R) Management Engine Components\IPT;C:\Program Files (x86)\Brackets\command;C:\Program Files (x86)\Skype\Phone\
USERNAME=lprub
OS=Windows_NT
PROCESSOR_IDENTIFIER=Intel64 Family 6 Model 60 Stepping 3, GenuineIntel



---------------  S Y S T E M  ---------------

OS: Windows 10.0 , 64 bit Build 10240 (10.0.10240.16384)

CPU:total 8 (4 cores per cpu, 2 threads per core) family 6 model 60 stepping 3, cmov, cx8, fxsr, mmx, sse, sse2, sse3, ssse3, sse4.1, sse4.2, popcnt, avx, avx2, aes, clmul, erms, lzcnt, ht, tsc, tscinvbit, bmi1, bmi2

Memory: 4k page, physical 8314240k(1648632k free), swap 9362816k(5828k free)

vm_info: Java HotSpot(TM) 64-Bit Server VM (25.60-b23) for windows-amd64 JRE (1.8.0_60-b27), built on Aug  4 2015 11:06:27 by "java_re" with MS VC++ 10.0 (VS2010)

time: Mon Jan 18 18:44:35 2016
elapsed time: 1 seconds (0d 0h 0m 1s)

