#
# There is insufficient memory for the Java Runtime Environment to continue.
# Native memory allocation (malloc) failed to allocate 1477216 bytes for Chunk::new
# Possible reasons:
#   The system is out of physical RAM or swap space
#   In 32 bit mode, the process size limit was hit
# Possible solutions:
#   Reduce memory load on the system
#   Increase physical memory or swap space
#   Check if swap backing store is full
#   Use 64 bit Java on a 64 bit OS
#   Decrease Java heap size (-Xmx/-Xms)
#   Decrease number of Java threads
#   Decrease Java thread stack sizes (-Xss)
#   Set larger code cache with -XX:ReservedCodeCacheSize=
# This output file may be truncated or incomplete.
#
#  Out of Memory Error (allocation.cpp:390), pid=1240, tid=11156
#
# JRE version: Java(TM) SE Runtime Environment (8.0_60-b27) (build 1.8.0_60-b27)
# Java VM: Java HotSpot(TM) 64-Bit Server VM (25.60-b23 mixed mode windows-amd64 compressed oops)
# Failed to write core dump. Minidumps are not enabled by default on client versions of Windows
#

---------------  T H R E A D  ---------------

Current thread (0x0000000017101800):  JavaThread "C2 CompilerThread2" daemon [_thread_in_native, id=11156, stack(0x00000000178d0000,0x00000000179d0000)]

Stack: [0x00000000178d0000,0x00000000179d0000]
[error occurred during error reporting (printing stack bounds), id 0xc0000005]

Native frames: (J=compiled Java code, j=interpreted, Vv=VM code, C=native code)


Current CompileTask:
C2:    440 1040   !   4       com.android.dx.cf.code.BytecodeArray::parseInstruction (2764 bytes)


---------------  P R O C E S S  ---------------

Java Threads: ( => current thread )
  0x0000000017199000 JavaThread "Service Thread" daemon [_thread_blocked, id=4000, stack(0x0000000017ad0000,0x0000000017bd0000)]
  0x000000001710b000 JavaThread "C1 CompilerThread3" daemon [_thread_blocked, id=10752, stack(0x00000000179d0000,0x0000000017ad0000)]
=>0x0000000017101800 JavaThread "C2 CompilerThread2" daemon [_thread_in_native, id=11156, stack(0x00000000178d0000,0x00000000179d0000)]
  0x00000000170fe800 JavaThread "C2 CompilerThread1" daemon [_thread_in_native, id=6060, stack(0x00000000177d0000,0x00000000178d0000)]
  0x00000000170f7000 JavaThread "C2 CompilerThread0" daemon [_thread_in_native, id=4132, stack(0x00000000176d0000,0x00000000177d0000)]
  0x00000000170f5800 JavaThread "Attach Listener" daemon [_thread_blocked, id=8404, stack(0x00000000175d0000,0x00000000176d0000)]
  0x00000000170f4800 JavaThread "Signal Dispatcher" daemon [_thread_blocked, id=10748, stack(0x00000000174d0000,0x00000000175d0000)]
  0x00000000024ea000 JavaThread "Finalizer" daemon [_thread_blocked, id=2252, stack(0x0000000016ed0000,0x0000000016fd0000)]
  0x00000000024e2000 JavaThread "Reference Handler" daemon [_thread_blocked, id=10360, stack(0x0000000016dd0000,0x0000000016ed0000)]
  0x00000000023f0800 JavaThread "main" [_thread_in_Java, id=8828, stack(0x00000000022f0000,0x00000000023f0000)]

Other Threads:
  0x0000000015009800 VMThread [stack: 0x0000000016cd0000,0x0000000016dd0000] [id=4792]
  0x00000000171c5000 WatcherThread [stack: 0x0000000017bd0000,0x0000000017cd0000] [id=4944]

VM state:not at safepoint (normal execution)

VM Mutex/Monitor currently owned by a thread: None

Heap:
 PSYoungGen      total 38400K, used 12471K [0x00000000eab00000, 0x00000000ef600000, 0x0000000100000000)
  eden space 33280K, 22% used [0x00000000eab00000,0x00000000eb22e698,0x00000000ecb80000)
  from space 5120K, 99% used [0x00000000ecb80000,0x00000000ed07f6d0,0x00000000ed080000)
  to   space 5120K, 0% used [0x00000000ef100000,0x00000000ef100000,0x00000000ef600000)
 ParOldGen       total 87552K, used 1820K [0x00000000c0000000, 0x00000000c5580000, 0x00000000eab00000)
  object space 87552K, 2% used [0x00000000c0000000,0x00000000c01c7038,0x00000000c5580000)
 Metaspace       used 5934K, capacity 7024K, committed 7296K, reserved 1056768K
  class space    used 598K, capacity 616K, committed 640K, reserved 1048576K

Card table byte_map: [0x00000000118b0000,0x0000000011ac0000] byte_map_base: 0x00000000112b0000

Marking Bits: (ParMarkBitMap*) 0x0000000054cda5b0
 Begin Bits: [0x0000000012420000, 0x0000000013420000)
 End Bits:   [0x0000000013420000, 0x0000000014420000)

Polling page: 0x00000000009c0000

CodeCache: size=245760Kb used=4308Kb max_used=4308Kb free=241451Kb
 bounds [0x00000000024f0000, 0x0000000002930000, 0x00000000114f0000]
 total_blobs=1471 nmethods=1209 adapters=175
 compilation: enabled

Compilation events (10 events):
Event: 0.439 Thread 0x000000001710b000 nmethod 1221 0x0000000002926d10 code [0x0000000002926ea0, 0x0000000002927198]
Event: 0.439 Thread 0x000000001710b000 1222       2       com.android.dx.util.MutabilityControl::isImmutable (13 bytes)
Event: 0.439 Thread 0x000000001710b000 nmethod 1222 0x0000000002927410 code [0x0000000002927560, 0x00000000029276d0]
Event: 0.439 Thread 0x000000001710b000 1224       2       com.android.dx.rop.cst.CstString::equals (24 bytes)
Event: 0.439 Thread 0x000000001710b000 nmethod 1224 0x0000000002927750 code [0x00000000029278c0, 0x0000000002927ac8]
Event: 0.439 Thread 0x000000001710b000 1225       2       com.android.dx.rop.code.RegisterSpec::withOffset (17 bytes)
Event: 0.439 Thread 0x000000001710b000 nmethod 1225 0x0000000002927bd0 code [0x0000000002927d40, 0x0000000002927ee8]
Event: 0.439 Thread 0x000000001710b000 1227       2       com.android.dx.rop.code.RegisterSpecSet::withOffset (77 bytes)
Event: 0.440 Thread 0x000000001710b000 nmethod 1227 0x0000000002927f90 code [0x0000000002928120, 0x0000000002928518]
Event: 0.440 Thread 0x000000001710b000 1223       2       com.android.dx.dex.code.CstInsn::setClassIndex (37 bytes)

GC Heap History (2 events):
Event: 0.372 GC heap before
{Heap before GC invocations=1 (full 0):
 PSYoungGen      total 38400K, used 33280K [0x00000000eab00000, 0x00000000ed580000, 0x0000000100000000)
  eden space 33280K, 100% used [0x00000000eab00000,0x00000000ecb80000,0x00000000ecb80000)
  from space 5120K, 0% used [0x00000000ed080000,0x00000000ed080000,0x00000000ed580000)
  to   space 5120K, 0% used [0x00000000ecb80000,0x00000000ecb80000,0x00000000ed080000)
 ParOldGen       total 87552K, used 0K [0x00000000c0000000, 0x00000000c5580000, 0x00000000eab00000)
  object space 87552K, 0% used [0x00000000c0000000,0x00000000c0000000,0x00000000c5580000)
 Metaspace       used 5684K, capacity 6832K, committed 7040K, reserved 1056768K
  class space    used 581K, capacity 616K, committed 640K, reserved 1048576K
Event: 0.377 GC heap after
Heap after GC invocations=1 (full 0):
 PSYoungGen      total 38400K, used 5117K [0x00000000eab00000, 0x00000000ef600000, 0x0000000100000000)
  eden space 33280K, 0% used [0x00000000eab00000,0x00000000eab00000,0x00000000ecb80000)
  from space 5120K, 99% used [0x00000000ecb80000,0x00000000ed07f6d0,0x00000000ed080000)
  to   space 5120K, 0% used [0x00000000ef100000,0x00000000ef100000,0x00000000ef600000)
 ParOldGen       total 87552K, used 1820K [0x00000000c0000000, 0x00000000c5580000, 0x00000000eab00000)
  object space 87552K, 2% used [0x00000000c0000000,0x00000000c01c7038,0x00000000c5580000)
 Metaspace       used 5684K, capacity 6832K, committed 7040K, reserved 1056768K
  class space    used 581K, capacity 616K, committed 640K, reserved 1048576K
}

Deoptimization events (10 events):
Event: 0.320 Thread 0x00000000172f0800 Uncommon trap: reason=class_check action=maybe_recompile pc=0x00000000027726f0 method=com.android.dx.ssa.NormalSsaInsn.accept(Lcom/android/dx/ssa/SsaInsn$Visitor;)V @ 9
Event: 0.320 Thread 0x00000000172f0800 Uncommon trap: reason=class_check action=maybe_recompile pc=0x00000000027726f0 method=com.android.dx.ssa.NormalSsaInsn.accept(Lcom/android/dx/ssa/SsaInsn$Visitor;)V @ 9
Event: 0.320 Thread 0x00000000172f0800 Uncommon trap: reason=class_check action=maybe_recompile pc=0x00000000027a0654 method=com.android.dx.ssa.NormalSsaInsn.accept(Lcom/android/dx/ssa/SsaInsn$Visitor;)V @ 9
Event: 0.334 Thread 0x00000000023f0800 Uncommon trap: reason=unloaded action=reinterpret pc=0x00000000027d4ca0 method=com.android.dx.cf.cst.ConstantPoolParser.parse0(ILjava/util/BitSet;)Lcom/android/dx/rop/cst/Constant; @ 475
Event: 0.408 Thread 0x00000000023f0800 Uncommon trap: reason=bimorphic action=maybe_recompile pc=0x0000000002738c6c method=java.util.HashMap.getNode(ILjava/lang/Object;)Ljava/util/HashMap$Node; @ 126
Event: 0.408 Thread 0x00000000023f0800 Uncommon trap: reason=bimorphic action=maybe_recompile pc=0x0000000002704470 method=java.util.HashMap.getNode(ILjava/lang/Object;)Ljava/util/HashMap$Node; @ 126
Event: 0.411 Thread 0x00000000023f0800 Uncommon trap: reason=class_check action=maybe_recompile pc=0x00000000027e397c method=java.util.HashMap.putVal(ILjava/lang/Object;Ljava/lang/Object;ZZ)Ljava/lang/Object; @ 203
Event: 0.411 Thread 0x00000000023f0800 Uncommon trap: reason=class_check action=maybe_recompile pc=0x00000000027e397c method=java.util.HashMap.putVal(ILjava/lang/Object;Ljava/lang/Object;ZZ)Ljava/lang/Object; @ 203
Event: 0.412 Thread 0x00000000023f0800 Uncommon trap: reason=class_check action=maybe_recompile pc=0x00000000027e397c method=java.util.HashMap.putVal(ILjava/lang/Object;Ljava/lang/Object;ZZ)Ljava/lang/Object; @ 203
Event: 0.412 Thread 0x00000000023f0800 Uncommon trap: reason=class_check action=maybe_recompile pc=0x00000000027e397c method=java.util.HashMap.putVal(ILjava/lang/Object;Ljava/lang/Object;ZZ)Ljava/lang/Object; @ 203

Internal exceptions (2 events):
Event: 0.027 Thread 0x00000000023f0800 Exception <a 'java/lang/NoSuchMethodError': Method sun.misc.Unsafe.defineClass(Ljava/lang/String;[BII)Ljava/lang/Class; name or signature does not match> (0x00000000eab0d340) thrown at [C:\re\workspace\8-2-build-windows-amd64-cygwin\jdk8u60\4407\hotspot\sr!0вя╒Ь?
Event: 0.027 Thread 0x00000000023f0800 Exception <a 'java/lang/NoSuchMethodError': Method sun.misc.Unsafe.prefetchRead(Ljava/lang/Object;J)V name or signature does not match> (0x00000000eab0d628) thrown at [C:\re\workspace\8-2-build-windows-amd64-cygwin\jdk8u60\4407\hotspot\src\share\vm\prims\j

Events (10 events):
Event: 0.432 loading class com/android/dx/dex/code/LocalList$Disposition
Event: 0.432 loading class com/android/dx/dex/code/LocalList$Disposition done
Event: 0.432 loading class com/android/dx/dex/code/LocalList$Entry
Event: 0.432 loading class com/android/dx/dex/code/LocalList$Entry done
Event: 0.433 loading class com/android/dx/dex/code/CatchHandlerList
Event: 0.433 loading class com/android/dx/dex/code/CatchHandlerList done
Event: 0.433 loading class com/android/dx/dex/code/CatchTable
Event: 0.433 loading class com/android/dx/dex/code/CatchTable done
Event: 0.438 loading class com/android/dx/rop/code/RegisterSpecList$Expander
Event: 0.438 loading class com/android/dx/rop/code/RegisterSpecList$Expander done


Dynamic libraries:
0x00007ff7989b0000 - 0x00007ff7989e7000 	C:\Program Files\Java\jdk1.8.0_60\bin\java.exe
0x00007ffab4e70000 - 0x00007ffab5031000 	C:\WINDOWS\SYSTEM32\ntdll.dll
0x00007ffab2a60000 - 0x00007ffab2b0d000 	C:\WINDOWS\system32\KERNEL32.DLL
0x00007ffab2360000 - 0x00007ffab253d000 	C:\WINDOWS\system32\KERNELBASE.dll
0x00007ffab2dc0000 - 0x00007ffab2e66000 	C:\WINDOWS\system32\ADVAPI32.dll
0x00007ffab2f50000 - 0x00007ffab2fed000 	C:\WINDOWS\system32\msvcrt.dll
0x00007ffab2a00000 - 0x00007ffab2a5b000 	C:\WINDOWS\system32\sechost.dll
0x00007ffab33c0000 - 0x00007ffab34e6000 	C:\WINDOWS\system32\RPCRT4.dll
0x00007ffab36a0000 - 0x00007ffab37ee000 	C:\WINDOWS\system32\USER32.dll
0x00007ffab2550000 - 0x00007ffab26d6000 	C:\WINDOWS\system32\GDI32.dll
0x00007ffaae600000 - 0x00007ffaae874000 	C:\WINDOWS\WinSxS\amd64_microsoft.windows.common-controls_6595b64144ccf1df_6.0.10240.16384_none_f41f7b285750ef43\COMCTL32.dll
0x00007ffab2cd0000 - 0x00007ffab2d06000 	C:\WINDOWS\system32\IMM32.DLL
0x00007ffab2b10000 - 0x00007ffab2c6c000 	C:\WINDOWS\system32\MSCTF.dll
0x0000000054050000 - 0x0000000054122000 	C:\Program Files\Java\jdk1.8.0_60\jre\bin\msvcr100.dll
0x00000000544d0000 - 0x0000000054d59000 	C:\Program Files\Java\jdk1.8.0_60\jre\bin\server\jvm.dll
0x00007ffab2540000 - 0x00007ffab2548000 	C:\WINDOWS\system32\PSAPI.DLL
0x00007ffaaed00000 - 0x00007ffaaed0a000 	C:\WINDOWS\SYSTEM32\VERSION.dll
0x00007ffaafd50000 - 0x00007ffaafd73000 	C:\WINDOWS\SYSTEM32\WINMM.dll
0x00007ffaab110000 - 0x00007ffaab119000 	C:\WINDOWS\SYSTEM32\WSOCK32.dll
0x00007ffab2ed0000 - 0x00007ffab2f39000 	C:\WINDOWS\system32\WS2_32.dll
0x0000000002110000 - 0x000000000213c000 	C:\WINDOWS\SYSTEM32\WINMMBASE.dll
0x00007ffab2f40000 - 0x00007ffab2f48000 	C:\WINDOWS\system32\NSI.dll
0x00007ffab1b10000 - 0x00007ffab1b54000 	C:\WINDOWS\system32\cfgmgr32.dll
0x00007ffab0210000 - 0x00007ffab0237000 	C:\WINDOWS\SYSTEM32\DEVOBJ.dll
0x00000000544c0000 - 0x00000000544cf000 	C:\Program Files\Java\jdk1.8.0_60\jre\bin\verify.dll
0x0000000054490000 - 0x00000000544b9000 	C:\Program Files\Java\jdk1.8.0_60\jre\bin\java.dll
0x0000000054470000 - 0x0000000054486000 	C:\Program Files\Java\jdk1.8.0_60\jre\bin\zip.dll
0x00007ffab37f0000 - 0x00007ffab4d12000 	C:\WINDOWS\system32\SHELL32.dll
0x00007ffab1bc0000 - 0x00007ffab21e8000 	C:\WINDOWS\system32\windows.storage.dll
0x00007ffab30e0000 - 0x00007ffab335c000 	C:\WINDOWS\system32\combase.dll
0x00007ffab2c70000 - 0x00007ffab2cc1000 	C:\WINDOWS\system32\shlwapi.dll
0x00007ffab18e0000 - 0x00007ffab18ef000 	C:\WINDOWS\system32\kernel.appcore.dll
0x00007ffab22a0000 - 0x00007ffab2353000 	C:\WINDOWS\system32\shcore.dll
0x00007ffab18f0000 - 0x00007ffab193a000 	C:\WINDOWS\system32\powrprof.dll
0x00007ffab18c0000 - 0x00007ffab18d3000 	C:\WINDOWS\system32\profapi.dll

VM Arguments:
jvm_args: -Djava.awt.headless=true -Xmx1024M -Dfile.encoding=windows-1252 -Duser.country=ES -Duser.language=es -Duser.variant 
java_command: com.android.dx.command.Main --dex --num-threads=4 --output C:\Users\lprub\Desktop\Musica\app\build\intermediates\pre-dexed\debug\debug_d3cf1b25dbbaf560c5450e13c3ab654b0553d363.jar C:\Users\lprub\Desktop\Musica\app\build\intermediates\classes\debug
java_class_path (initial): C:\Users\lprub\AppData\Local\Android\sdk\build-tools\23.0.2\lib\dx.jar
Launcher Type: SUN_STANDARD

Environment Variables:
PATH=C:\ProgramData\Oracle\Java\javapath;C:\Program Files (x86)\Intel\iCLS Client\;C:\Program Files\Intel\iCLS Client\;C:\WINDOWS\system32;C:\WINDOWS;C:\WINDOWS\System32\Wbem;C:\WINDOWS\System32\WindowsPowerShell\v1.0\;C:\Program Files (x86)\NVIDIA Corporation\PhysX\Common;C:\Program Files (x86)\Intel\Intel(R) Management Engine Components\DAL;C:\Program Files\Intel\Intel(R) Management Engine Components\DAL;C:\Program Files (x86)\Intel\Intel(R) Management Engine Components\IPT;C:\Program Files\Intel\Intel(R) Management Engine Components\IPT;C:\Program Files (x86)\Brackets\command;C:\Program Files (x86)\Skype\Phone\
USERNAME=lprub
OS=Windows_NT
PROCESSOR_IDENTIFIER=Intel64 Family 6 Model 60 Stepping 3, GenuineIntel



---------------  S Y S T E M  ---------------

OS: Windows 10.0 , 64 bit Build 10240 (10.0.10240.16384)

CPU:total 8 (4 cores per cpu, 2 threads per core) family 6 model 60 stepping 3, cmov, cx8, fxsr, mmx, sse, sse2, sse3, ssse3, sse4.1, sse4.2, popcnt, avx, avx2, aes, clmul, erms, lzcnt, ht, tsc, tscinvbit, bmi1, bmi2

Memory: 4k page, physical 8314240k(1076392k free), swap 9362816k(5380k free)

vm_info: Java HotSpot(TM) 64-Bit Server VM (25.60-b23) for windows-amd64 JRE (1.8.0_60-b27), built on Aug  4 2015 11:06:27 by "java_re" with MS VC++ 10.0 (VS2010)

time: Tue Jan 19 22:15:57 2016
elapsed time: 0 seconds (0d 0h 0m 0s)

