#
# There is insufficient memory for the Java Runtime Environment to continue.
# Native memory allocation (malloc) failed to allocate 1694656 bytes for Chunk::new
# Possible reasons:
#   The system is out of physical RAM or swap space
#   In 32 bit mode, the process size limit was hit
# Possible solutions:
#   Reduce memory load on the system
#   Increase physical memory or swap space
#   Check if swap backing store is full
#   Use 64 bit Java on a 64 bit OS
#   Decrease Java heap size (-Xmx/-Xms)
#   Decrease number of Java threads
#   Decrease Java thread stack sizes (-Xss)
#   Set larger code cache with -XX:ReservedCodeCacheSize=
# This output file may be truncated or incomplete.
#
#  Out of Memory Error (allocation.cpp:390), pid=10496, tid=11336
#
# JRE version: Java(TM) SE Runtime Environment (8.0_60-b27) (build 1.8.0_60-b27)
# Java VM: Java HotSpot(TM) 64-Bit Server VM (25.60-b23 mixed mode windows-amd64 compressed oops)
# Failed to write core dump. Minidumps are not enabled by default on client versions of Windows
#

---------------  T H R E A D  ---------------

Current thread (0x00000000178cb800):  JavaThread "C2 CompilerThread1" daemon [_thread_in_native, id=11336, stack(0x0000000017fa0000,0x00000000180a0000)]

Stack: [0x0000000017fa0000,0x00000000180a0000]
[error occurred during error reporting (printing stack bounds), id 0xc0000005]

Native frames: (J=compiled Java code, j=interpreted, Vv=VM code, C=native code)


Current CompileTask:
C2:   1374 1131   !   4       com.android.dx.cf.cst.ConstantPoolParser::parse0 (731 bytes)


---------------  P R O C E S S  ---------------

Java Threads: ( => current thread )
  0x0000000017b79000 JavaThread "pool-1-thread-4" [_thread_in_Java, id=11572, stack(0x00000000190a0000,0x00000000191a0000)]
  0x0000000017c0f000 JavaThread "pool-1-thread-3" [_thread_in_Java, id=11568, stack(0x0000000018fa0000,0x00000000190a0000)]
  0x0000000017c0e800 JavaThread "pool-1-thread-2" [_thread_blocked, id=11564, stack(0x0000000018ea0000,0x0000000018fa0000)]
  0x0000000017bed800 JavaThread "pool-2-thread-1" [_thread_blocked, id=11560, stack(0x0000000018da0000,0x0000000018ea0000)]
  0x0000000017bed000 JavaThread "pool-1-thread-1" [_thread_blocked, id=11556, stack(0x0000000018ca0000,0x0000000018da0000)]
  0x000000001796f800 JavaThread "Service Thread" daemon [_thread_blocked, id=11412, stack(0x00000000182a0000,0x00000000183a0000)]
  0x0000000017923800 JavaThread "C1 CompilerThread3" daemon [_thread_blocked, id=11396, stack(0x00000000181a0000,0x00000000182a0000)]
  0x00000000178d0800 JavaThread "C2 CompilerThread2" daemon [_thread_in_native, id=11388, stack(0x00000000180a0000,0x00000000181a0000)]
=>0x00000000178cb800 JavaThread "C2 CompilerThread1" daemon [_thread_in_native, id=11336, stack(0x0000000017fa0000,0x00000000180a0000)]
  0x00000000178c6000 JavaThread "C2 CompilerThread0" daemon [_thread_in_native, id=11332, stack(0x0000000017ea0000,0x0000000017fa0000)]
  0x00000000178c4800 JavaThread "Attach Listener" daemon [_thread_blocked, id=11328, stack(0x0000000017da0000,0x0000000017ea0000)]
  0x00000000178c3800 JavaThread "Signal Dispatcher" daemon [_thread_blocked, id=11324, stack(0x0000000017ca0000,0x0000000017da0000)]
  0x0000000002c99000 JavaThread "Finalizer" daemon [_thread_blocked, id=11276, stack(0x00000000176a0000,0x00000000177a0000)]
  0x0000000002c92000 JavaThread "Reference Handler" daemon [_thread_blocked, id=11272, stack(0x00000000175a0000,0x00000000176a0000)]
  0x0000000002ba0800 JavaThread "main" [_thread_in_Java, id=1932, stack(0x0000000002aa0000,0x0000000002ba0000)]

Other Threads:
  0x00000000157b9800 VMThread [stack: 0x00000000174a0000,0x00000000175a0000] [id=9332]
  0x0000000017972000 WatcherThread [stack: 0x00000000183a0000,0x00000000184a0000] [id=11512]

VM state:not at safepoint (normal execution)

VM Mutex/Monitor currently owned by a thread: None

Heap:
 PSYoungGen      total 38400K, used 17441K [0x00000000eab00000, 0x00000000ed580000, 0x0000000100000000)
  eden space 33280K, 37% used [0x00000000eab00000,0x00000000eb70cc48,0x00000000ecb80000)
  from space 5120K, 99% used [0x00000000ecb80000,0x00000000ed07b9f0,0x00000000ed080000)
  to   space 5120K, 0% used [0x00000000ed080000,0x00000000ed080000,0x00000000ed580000)
 ParOldGen       total 87552K, used 1425K [0x00000000c0000000, 0x00000000c5580000, 0x00000000eab00000)
  object space 87552K, 1% used [0x00000000c0000000,0x00000000c01645a8,0x00000000c5580000)
 Metaspace       used 6013K, capacity 6960K, committed 7040K, reserved 1056768K
  class space    used 600K, capacity 616K, committed 640K, reserved 1048576K

Card table byte_map: [0x0000000012060000,0x0000000012270000] byte_map_base: 0x0000000011a60000

Marking Bits: (ParMarkBitMap*) 0x000000005988a5b0
 Begin Bits: [0x0000000012bd0000, 0x0000000013bd0000)
 End Bits:   [0x0000000013bd0000, 0x0000000014bd0000)

Polling page: 0x0000000001190000

CodeCache: size=245760Kb used=4683Kb max_used=4695Kb free=241076Kb
 bounds [0x0000000002ca0000, 0x0000000003140000, 0x0000000011ca0000]
 total_blobs=1497 nmethods=1228 adapters=182
 compilation: enabled

Compilation events (10 events):
Event: 1.362 Thread 0x0000000017923800 nmethod 1182 0x00000000031336d0 code [0x0000000003133820, 0x0000000003133930]
Event: 1.362 Thread 0x0000000017923800 1183       1       sun.util.calendar.CalendarDate::getSeconds (5 bytes)
Event: 1.362 Thread 0x0000000017923800 nmethod 1183 0x0000000003133990 code [0x0000000003133ae0, 0x0000000003133bf0]
Event: 1.362 Thread 0x0000000017923800 1184       1       sun.util.calendar.CalendarDate::getMillis (5 bytes)
Event: 1.362 Thread 0x0000000017923800 nmethod 1184 0x0000000003133c50 code [0x0000000003133da0, 0x0000000003133eb0]
Event: 1.367 Thread 0x00000000178d0800 1226       4       com.android.dx.rop.code.RegisterSpec::equals (51 bytes)
Event: 1.367 Thread 0x0000000017923800 1240       3       com.android.dx.ssa.SsaBasicBlock::replaceSuccessor (125 bytes)
Event: 1.368 Thread 0x0000000017923800 nmethod 1240 0x0000000003133f10 code [0x00000000031341a0, 0x0000000003135018]
Event: 1.370 Thread 0x00000000178d0800 nmethod 1226 0x0000000003138b10 code [0x0000000003138c60, 0x00000000031391b8]
Event: 1.370 Thread 0x00000000178d0800 1173 %     4       com.android.dx.rop.code.RopMethod::calcPredecessors @ 35 (227 bytes)

GC Heap History (2 events):
Event: 1.182 GC heap before
{Heap before GC invocations=1 (full 0):
 PSYoungGen      total 38400K, used 33280K [0x00000000eab00000, 0x00000000ed580000, 0x0000000100000000)
  eden space 33280K, 100% used [0x00000000eab00000,0x00000000ecb80000,0x00000000ecb80000)
  from space 5120K, 0% used [0x00000000ed080000,0x00000000ed080000,0x00000000ed580000)
  to   space 5120K, 0% used [0x00000000ecb80000,0x00000000ecb80000,0x00000000ed080000)
 ParOldGen       total 87552K, used 0K [0x00000000c0000000, 0x00000000c5580000, 0x00000000eab00000)
  object space 87552K, 0% used [0x00000000c0000000,0x00000000c0000000,0x00000000c5580000)
 Metaspace       used 5932K, capacity 6832K, committed 7040K, reserved 1056768K
  class space    used 600K, capacity 616K, committed 640K, reserved 1048576K
Event: 1.264 GC heap after
Heap after GC invocations=1 (full 0):
 PSYoungGen      total 38400K, used 5102K [0x00000000eab00000, 0x00000000ed580000, 0x0000000100000000)
  eden space 33280K, 0% used [0x00000000eab00000,0x00000000eab00000,0x00000000ecb80000)
  from space 5120K, 99% used [0x00000000ecb80000,0x00000000ed07b9f0,0x00000000ed080000)
  to   space 5120K, 0% used [0x00000000ed080000,0x00000000ed080000,0x00000000ed580000)
 ParOldGen       total 87552K, used 1425K [0x00000000c0000000, 0x00000000c5580000, 0x00000000eab00000)
  object space 87552K, 1% used [0x00000000c0000000,0x00000000c01645a8,0x00000000c5580000)
 Metaspace       used 5932K, capacity 6832K, committed 7040K, reserved 1056768K
  class space    used 600K, capacity 616K, committed 640K, reserved 1048576K
}

Deoptimization events (10 events):
Event: 0.943 Thread 0x0000000017c0f000 Uncommon trap: reason=unstable_if action=reinterpret pc=0x0000000002efcd40 method=java.util.HashMap.getNode(ILjava/lang/Object;)Ljava/util/HashMap$Node; @ 129
Event: 0.943 Thread 0x0000000017c0f000 Uncommon trap: reason=class_check action=maybe_recompile pc=0x0000000002f1ccf0 method=com.android.dx.ssa.NormalSsaInsn.accept(Lcom/android/dx/ssa/SsaInsn$Visitor;)V @ 9
Event: 1.135 Thread 0x0000000017c0f000 Uncommon trap: reason=unstable_if action=reinterpret pc=0x0000000002fb71b0 method=com.android.dx.rop.code.RegisterSpec.equals(ILcom/android/dx/rop/type/TypeBearer;Lcom/android/dx/rop/code/LocalItem;)Z @ 16
Event: 1.144 Thread 0x0000000017bed000 Uncommon trap: reason=unstable_if action=reinterpret pc=0x0000000003032b54 method=com.android.dx.rop.code.RegisterSpec.equals(ILcom/android/dx/rop/type/TypeBearer;Lcom/android/dx/rop/code/LocalItem;)Z @ 16
Event: 1.299 Thread 0x0000000017c0f000 Uncommon trap: reason=unstable_if action=reinterpret pc=0x0000000003037438 method=com.android.dx.rop.code.RegisterSpec.equals(ILcom/android/dx/rop/type/TypeBearer;Lcom/android/dx/rop/code/LocalItem;)Z @ 16
Event: 1.299 Thread 0x0000000017c0f000 Uncommon trap: reason=unstable_if action=reinterpret pc=0x0000000002ff6c9c method=com.android.dx.rop.cst.Constant.compareTo(Lcom/android/dx/rop/cst/Constant;)I @ 12
Event: 1.328 Thread 0x0000000017bed000 Uncommon trap: reason=unstable_if action=reinterpret pc=0x00000000030cb17c method=com.android.dx.ssa.SCCP.simulateStmt(Lcom/android/dx/ssa/SsaInsn;)V @ 53
Event: 1.335 Thread 0x0000000017b79000 Uncommon trap: reason=unstable_if action=reinterpret pc=0x0000000003023dec method=com.android.dx.rop.code.RegisterSpecSet.put(Lcom/android/dx/rop/code/RegisterSpec;)V @ 77
Event: 1.335 Thread 0x0000000017b79000 Uncommon trap: reason=unstable_if action=reinterpret pc=0x000000000303eca0 method=com.android.dx.rop.code.RegisterSpecSet.put(Lcom/android/dx/rop/code/RegisterSpec;)V @ 77
Event: 1.359 Thread 0x0000000017bed000 Uncommon trap: reason=null_check action=make_not_entrant pc=0x00000000030b2268 method=com.android.dx.rop.type.Type.equals(Ljava/lang/Object;)Z @ 8

Internal exceptions (3 events):
Event: 0.028 Thread 0x0000000002ba0800 Exception <a 'java/lang/NoSuchMethodError': Method sun.misc.Unsafe.defineClass(Ljava/lang/String;[BII)Ljava/lang/Class; name or signature does not match> (0x00000000eab0d580) thrown at [C:\re\workspace\8-2-build-windows-amd64-cygwin\jdk8u60\4407\hotspot\sr›“¶ò¿wú?
Event: 0.028 Thread 0x0000000002ba0800 Exception <a 'java/lang/NoSuchMethodError': Method sun.misc.Unsafe.prefetchRead(Ljava/lang/Object;J)V name or signature does not match> (0x00000000eab0d868) thrown at [C:\re\workspace\8-2-build-windows-amd64-cygwin\jdk8u60\4407\hotspot\src\share\vm\prims\jÚqÅhÆøı?
Event: 1.359 Thread 0x0000000017bed000 Implicit null exception at 0x00000000030b2162 to 0x00000000030b225a

Events (10 events):
Event: 1.335 Thread 0x0000000017b79000 DEOPT PACKING pc=0x0000000003023dec sp=0x000000001919e760
Event: 1.335 Thread 0x0000000017b79000 DEOPT UNPACKING pc=0x0000000002ce582a sp=0x000000001919e6e8 mode 2
Event: 1.335 Thread 0x0000000017b79000 Uncommon trap: trap_request=0xffffff65 fr.pc=0x000000000303eca0
Event: 1.335 Thread 0x0000000017b79000 DEOPT PACKING pc=0x000000000303eca0 sp=0x000000001919e750
Event: 1.335 Thread 0x0000000017b79000 DEOPT UNPACKING pc=0x0000000002ce582a sp=0x000000001919e670 mode 2
Event: 1.354 Thread 0x0000000002ba0800 DEOPT PACKING pc=0x0000000002fd9e53 sp=0x0000000002b9df60
Event: 1.354 Thread 0x0000000002ba0800 DEOPT UNPACKING pc=0x0000000002ce787f sp=0x0000000002b9dd28 mode 0
Event: 1.359 Thread 0x0000000017bed000 Uncommon trap: trap_request=0xfffffff4 fr.pc=0x00000000030b2268
Event: 1.359 Thread 0x0000000017bed000 DEOPT PACKING pc=0x00000000030b2268 sp=0x0000000018d9e2e0
Event: 1.359 Thread 0x0000000017bed000 DEOPT UNPACKING pc=0x0000000002ce582a sp=0x0000000018d9e268 mode 2


Dynamic libraries:
0x00007ff776350000 - 0x00007ff776387000 	C:\Program Files\Java\jdk1.8.0_60\bin\java.exe
0x00007ffe87bc0000 - 0x00007ffe87d81000 	C:\WINDOWS\SYSTEM32\ntdll.dll
0x00007ffe857f0000 - 0x00007ffe8589d000 	C:\WINDOWS\system32\KERNEL32.DLL
0x00007ffe849d0000 - 0x00007ffe84bad000 	C:\WINDOWS\system32\KERNELBASE.dll
0x00007ffe852a0000 - 0x00007ffe85346000 	C:\WINDOWS\system32\ADVAPI32.dll
0x00007ffe85c10000 - 0x00007ffe85cad000 	C:\WINDOWS\system32\msvcrt.dll
0x00007ffe85730000 - 0x00007ffe8578b000 	C:\WINDOWS\system32\sechost.dll
0x00007ffe85d90000 - 0x00007ffe85eb6000 	C:\WINDOWS\system32\RPCRT4.dll
0x00007ffe87700000 - 0x00007ffe8784e000 	C:\WINDOWS\system32\USER32.dll
0x00007ffe87a20000 - 0x00007ffe87ba6000 	C:\WINDOWS\system32\GDI32.dll
0x00007ffe81310000 - 0x00007ffe81584000 	C:\WINDOWS\WinSxS\amd64_microsoft.windows.common-controls_6595b64144ccf1df_6.0.10240.16384_none_f41f7b285750ef43\COMCTL32.dll
0x00007ffe85540000 - 0x00007ffe85576000 	C:\WINDOWS\system32\IMM32.DLL
0x00007ffe858a0000 - 0x00007ffe859fc000 	C:\WINDOWS\system32\MSCTF.dll
0x0000000058c00000 - 0x0000000058cd2000 	C:\Program Files\Java\jdk1.8.0_60\jre\bin\msvcr100.dll
0x0000000059080000 - 0x0000000059909000 	C:\Program Files\Java\jdk1.8.0_60\jre\bin\server\jvm.dll
0x00007ffe85d80000 - 0x00007ffe85d88000 	C:\WINDOWS\system32\PSAPI.DLL
0x00007ffe82680000 - 0x00007ffe82689000 	C:\WINDOWS\SYSTEM32\WSOCK32.dll
0x00007ffe85cb0000 - 0x00007ffe85d19000 	C:\WINDOWS\system32\WS2_32.dll
0x00007ffe85290000 - 0x00007ffe85298000 	C:\WINDOWS\system32\NSI.dll
0x00007ffe82880000 - 0x00007ffe828a3000 	C:\WINDOWS\SYSTEM32\WINMM.dll
0x00007ffe81aa0000 - 0x00007ffe81aaa000 	C:\WINDOWS\SYSTEM32\VERSION.dll
0x00007ffe82820000 - 0x00007ffe8284c000 	C:\WINDOWS\SYSTEM32\WINMMBASE.dll
0x00007ffe84bb0000 - 0x00007ffe84bf4000 	C:\WINDOWS\system32\cfgmgr32.dll
0x00007ffe82f60000 - 0x00007ffe82f87000 	C:\WINDOWS\SYSTEM32\DEVOBJ.dll
0x0000000059070000 - 0x000000005907f000 	C:\Program Files\Java\jdk1.8.0_60\jre\bin\verify.dll
0x0000000059040000 - 0x0000000059069000 	C:\Program Files\Java\jdk1.8.0_60\jre\bin\java.dll
0x0000000059020000 - 0x0000000059036000 	C:\Program Files\Java\jdk1.8.0_60\jre\bin\zip.dll
0x00007ffe85ec0000 - 0x00007ffe873e2000 	C:\WINDOWS\system32\SHELL32.dll
0x00007ffe84c00000 - 0x00007ffe85228000 	C:\WINDOWS\system32\windows.storage.dll
0x00007ffe87460000 - 0x00007ffe876dc000 	C:\WINDOWS\system32\combase.dll
0x00007ffe85350000 - 0x00007ffe853a1000 	C:\WINDOWS\system32\shlwapi.dll
0x00007ffe84660000 - 0x00007ffe8466f000 	C:\WINDOWS\system32\kernel.appcore.dll
0x00007ffe84740000 - 0x00007ffe847f3000 	C:\WINDOWS\system32\shcore.dll
0x00007ffe84610000 - 0x00007ffe8465a000 	C:\WINDOWS\system32\powrprof.dll
0x00007ffe845f0000 - 0x00007ffe84603000 	C:\WINDOWS\system32\profapi.dll

VM Arguments:
jvm_args: -Djava.awt.headless=true -Xmx1024M -Dfile.encoding=windows-1252 -Duser.country=ES -Duser.language=es -Duser.variant 
java_command: com.android.dx.command.Main --dex --num-threads=4 --output C:\Users\lprub\Desktop\Musica\app\build\intermediates\pre-dexed\debug\com.android.support-design-23.1.1_1f4bafc1c39b9a79fda189ccacee01236734271e.jar C:\Users\lprub\Desktop\Musica\app\build\intermediates\exploded-aar\com.android.support\design\23.1.1\jars\classes.jar
java_class_path (initial): C:\Users\lprub\AppData\Local\Android\sdk\build-tools\23.0.2\lib\dx.jar
Launcher Type: SUN_STANDARD

Environment Variables:
PATH=C:\ProgramData\Oracle\Java\javapath;C:\Program Files (x86)\Intel\iCLS Client\;C:\Program Files\Intel\iCLS Client\;C:\WINDOWS\system32;C:\WINDOWS;C:\WINDOWS\System32\Wbem;C:\WINDOWS\System32\WindowsPowerShell\v1.0\;C:\Program Files (x86)\NVIDIA Corporation\PhysX\Common;C:\Program Files (x86)\Intel\Intel(R) Management Engine Components\DAL;C:\Program Files\Intel\Intel(R) Management Engine Components\DAL;C:\Program Files (x86)\Intel\Intel(R) Management Engine Components\IPT;C:\Program Files\Intel\Intel(R) Management Engine Components\IPT;C:\Program Files (x86)\Brackets\command;C:\Program Files (x86)\Skype\Phone\
USERNAME=lprub
OS=Windows_NT
PROCESSOR_IDENTIFIER=Intel64 Family 6 Model 60 Stepping 3, GenuineIntel



---------------  S Y S T E M  ---------------

OS: Windows 10.0 , 64 bit Build 10240 (10.0.10240.16384)

CPU:total 8 (4 cores per cpu, 2 threads per core) family 6 model 60 stepping 3, cmov, cx8, fxsr, mmx, sse, sse2, sse3, ssse3, sse4.1, sse4.2, popcnt, avx, avx2, aes, clmul, erms, lzcnt, ht, tsc, tscinvbit, bmi1, bmi2

Memory: 4k page, physical 8314240k(1664060k free), swap 9362816k(5324k free)

vm_info: Java HotSpot(TM) 64-Bit Server VM (25.60-b23) for windows-amd64 JRE (1.8.0_60-b27), built on Aug  4 2015 11:06:27 by "java_re" with MS VC++ 10.0 (VS2010)

time: Mon Jan 18 18:44:35 2016
elapsed time: 1 seconds (0d 0h 0m 1s)

