#
# There is insufficient memory for the Java Runtime Environment to continue.
# Native memory allocation (malloc) failed to allocate 1436192 bytes for Chunk::new
# Possible reasons:
#   The system is out of physical RAM or swap space
#   In 32 bit mode, the process size limit was hit
# Possible solutions:
#   Reduce memory load on the system
#   Increase physical memory or swap space
#   Check if swap backing store is full
#   Use 64 bit Java on a 64 bit OS
#   Decrease Java heap size (-Xmx/-Xms)
#   Decrease number of Java threads
#   Decrease Java thread stack sizes (-Xss)
#   Set larger code cache with -XX:ReservedCodeCacheSize=
# This output file may be truncated or incomplete.
#
#  Out of Memory Error (allocation.cpp:390), pid=12176, tid=10076
#
# JRE version: Java(TM) SE Runtime Environment (8.0_60-b27) (build 1.8.0_60-b27)
# Java VM: Java HotSpot(TM) 64-Bit Server VM (25.60-b23 mixed mode windows-amd64 compressed oops)
# Failed to write core dump. Minidumps are not enabled by default on client versions of Windows
#

---------------  T H R E A D  ---------------

Current thread (0x0000000016f00800):  JavaThread "C2 CompilerThread2" daemon [_thread_in_native, id=10076, stack(0x00000000176d0000,0x00000000177d0000)]

Stack: [0x00000000176d0000,0x00000000177d0000]
[error occurred during error reporting (printing stack bounds), id 0xc0000005]

Native frames: (J=compiled Java code, j=interpreted, Vv=VM code, C=native code)


Current CompileTask:
C2:   3100 1443   !   4       com.android.dx.cf.cst.ConstantPoolParser::parse0 (731 bytes)


---------------  P R O C E S S  ---------------

Java Threads: ( => current thread )
  0x0000000017240000 JavaThread "pool-1-thread-4" [_thread_blocked, id=11544, stack(0x00000000186d0000,0x00000000187d0000)]
  0x000000001723f800 JavaThread "pool-1-thread-3" [_thread_in_Java, id=11552, stack(0x00000000185d0000,0x00000000186d0000)]
  0x000000001723e800 JavaThread "pool-1-thread-2" [_thread_blocked, id=11732, stack(0x00000000184d0000,0x00000000185d0000)]
  0x0000000017239800 JavaThread "pool-2-thread-1" [_thread_blocked, id=11716, stack(0x00000000183d0000,0x00000000184d0000)]
  0x0000000017237000 JavaThread "pool-1-thread-1" [_thread_blocked, id=11700, stack(0x00000000182d0000,0x00000000183d0000)]
  0x0000000016f61800 JavaThread "Service Thread" daemon [_thread_blocked, id=11464, stack(0x00000000178d0000,0x00000000179d0000)]
  0x0000000016f5b800 JavaThread "C1 CompilerThread3" daemon [_thread_blocked, id=11384, stack(0x00000000177d0000,0x00000000178d0000)]
=>0x0000000016f00800 JavaThread "C2 CompilerThread2" daemon [_thread_in_native, id=10076, stack(0x00000000176d0000,0x00000000177d0000)]
  0x0000000016efb800 JavaThread "C2 CompilerThread1" daemon [_thread_blocked, id=10128, stack(0x00000000175d0000,0x00000000176d0000)]
  0x0000000016ef6000 JavaThread "C2 CompilerThread0" daemon [_thread_blocked, id=5208, stack(0x00000000174d0000,0x00000000175d0000)]
  0x0000000016ef4800 JavaThread "Attach Listener" daemon [_thread_blocked, id=10224, stack(0x00000000173d0000,0x00000000174d0000)]
  0x0000000016ef3800 JavaThread "Signal Dispatcher" daemon [_thread_blocked, id=11180, stack(0x00000000172d0000,0x00000000173d0000)]
  0x00000000022e3000 JavaThread "Finalizer" daemon [_thread_blocked, id=7056, stack(0x0000000016cd0000,0x0000000016dd0000)]
  0x00000000022e2000 JavaThread "Reference Handler" daemon [_thread_blocked, id=5104, stack(0x0000000016bd0000,0x0000000016cd0000)]
  0x00000000021f0800 JavaThread "main" [_thread_blocked, id=10720, stack(0x0000000002070000,0x0000000002170000)]

Other Threads:
  0x0000000014e09800 VMThread [stack: 0x0000000016ad0000,0x0000000016bd0000] [id=1892]
  0x0000000016f7e000 WatcherThread [stack: 0x00000000179d0000,0x0000000017ad0000] [id=6352]

VM state:not at safepoint (normal execution)

VM Mutex/Monitor currently owned by a thread: None

Heap:
 PSYoungGen      total 71680K, used 12861K [0x00000000eab00000, 0x00000000ef600000, 0x0000000100000000)
  eden space 66560K, 11% used [0x00000000eab00000,0x00000000eb295428,0x00000000eec00000)
  from space 5120K, 99% used [0x00000000ef100000,0x00000000ef5fa300,0x00000000ef600000)
  to   space 5120K, 0% used [0x00000000eec00000,0x00000000eec00000,0x00000000ef100000)
 ParOldGen       total 87552K, used 2963K [0x00000000c0000000, 0x00000000c5580000, 0x00000000eab00000)
  object space 87552K, 3% used [0x00000000c0000000,0x00000000c02e4c78,0x00000000c5580000)
 Metaspace       used 6167K, capacity 7088K, committed 7296K, reserved 1056768K
  class space    used 603K, capacity 616K, committed 640K, reserved 1048576K

Card table byte_map: [0x00000000116b0000,0x00000000118c0000] byte_map_base: 0x00000000110b0000

Marking Bits: (ParMarkBitMap*) 0x000000005988a5b0
 Begin Bits: [0x0000000012220000, 0x0000000013220000)
 End Bits:   [0x0000000013220000, 0x0000000014220000)

Polling page: 0x0000000001f70000

CodeCache: size=245760Kb used=6572Kb max_used=6596Kb free=239187Kb
 bounds [0x00000000022f0000, 0x0000000002970000, 0x00000000112f0000]
 total_blobs=1785 nmethods=1516 adapters=182
 compilation: enabled

Compilation events (10 events):
Event: 3.046 Thread 0x0000000016ef6000 nmethod 1524 0x000000000294ccd0 code [0x000000000294ce60, 0x000000000294d090]
Event: 3.046 Thread 0x0000000016ef6000 1525       4       com.android.dx.cf.code.Merger::isPossiblyAssignableFrom (202 bytes)
Event: 3.052 Thread 0x0000000016ef6000 nmethod 1525 0x0000000002956590 code [0x0000000002956760, 0x0000000002956db0]
Event: 3.053 Thread 0x0000000016f5b800 1526       3       com.android.dx.rop.cst.CstKnownNull::equals (5 bytes)
Event: 3.053 Thread 0x0000000016f5b800 nmethod 1526 0x0000000002938b50 code [0x0000000002938ca0, 0x0000000002938ef0]
Event: 3.053 Thread 0x0000000016ef6000 1527       4       java.util.ArrayList::remove (77 bytes)
Event: 3.057 Thread 0x0000000016ef6000 nmethod 1527 0x0000000002955e90 code [0x0000000002955fe0, 0x0000000002956378]
Event: 3.057 Thread 0x0000000016ef6000 1528       4       java.util.ArrayList::fastRemove (57 bytes)
Event: 3.059 Thread 0x0000000016ef6000 nmethod 1528 0x0000000002957990 code [0x0000000002957ae0, 0x0000000002957c38]
Event: 3.083 Thread 0x0000000016efb800 nmethod 1509 0x000000000295ef10 code [0x000000000295f8e0, 0x0000000002964698]

GC Heap History (4 events):
Event: 0.809 GC heap before
{Heap before GC invocations=1 (full 0):
 PSYoungGen      total 38400K, used 33280K [0x00000000eab00000, 0x00000000ed580000, 0x0000000100000000)
  eden space 33280K, 100% used [0x00000000eab00000,0x00000000ecb80000,0x00000000ecb80000)
  from space 5120K, 0% used [0x00000000ed080000,0x00000000ed080000,0x00000000ed580000)
  to   space 5120K, 0% used [0x00000000ecb80000,0x00000000ecb80000,0x00000000ed080000)
 ParOldGen       total 87552K, used 0K [0x00000000c0000000, 0x00000000c5580000, 0x00000000eab00000)
  object space 87552K, 0% used [0x00000000c0000000,0x00000000c0000000,0x00000000c5580000)
 Metaspace       used 5875K, capacity 6832K, committed 7040K, reserved 1056768K
  class space    used 601K, capacity 616K, committed 640K, reserved 1048576K
Event: 0.939 GC heap after
Heap after GC invocations=1 (full 0):
 PSYoungGen      total 38400K, used 5097K [0x00000000eab00000, 0x00000000ef600000, 0x0000000100000000)
  eden space 33280K, 0% used [0x00000000eab00000,0x00000000eab00000,0x00000000ecb80000)
  from space 5120K, 99% used [0x00000000ecb80000,0x00000000ed07a4c0,0x00000000ed080000)
  to   space 5120K, 0% used [0x00000000ef100000,0x00000000ef100000,0x00000000ef600000)
 ParOldGen       total 87552K, used 283K [0x00000000c0000000, 0x00000000c5580000, 0x00000000eab00000)
  object space 87552K, 0% used [0x00000000c0000000,0x00000000c0046f68,0x00000000c5580000)
 Metaspace       used 5875K, capacity 6832K, committed 7040K, reserved 1056768K
  class space    used 601K, capacity 616K, committed 640K, reserved 1048576K
}
Event: 1.880 GC heap before
{Heap before GC invocations=2 (full 0):
 PSYoungGen      total 38400K, used 38377K [0x00000000eab00000, 0x00000000ef600000, 0x0000000100000000)
  eden space 33280K, 100% used [0x00000000eab00000,0x00000000ecb80000,0x00000000ecb80000)
  from space 5120K, 99% used [0x00000000ecb80000,0x00000000ed07a4c0,0x00000000ed080000)
  to   space 5120K, 0% used [0x00000000ef100000,0x00000000ef100000,0x00000000ef600000)
 ParOldGen       total 87552K, used 283K [0x00000000c0000000, 0x00000000c5580000, 0x00000000eab00000)
  object space 87552K, 0% used [0x00000000c0000000,0x00000000c0046f68,0x00000000c5580000)
 Metaspace       used 6097K, capacity 7024K, committed 7296K, reserved 1056768K
  class space    used 603K, capacity 616K, committed 640K, reserved 1048576K
Event: 2.571 GC heap after
Heap after GC invocations=2 (full 0):
 PSYoungGen      total 71680K, used 5096K [0x00000000eab00000, 0x00000000ef600000, 0x0000000100000000)
  eden space 66560K, 0% used [0x00000000eab00000,0x00000000eab00000,0x00000000eec00000)
  from space 5120K, 99% used [0x00000000ef100000,0x00000000ef5fa300,0x00000000ef600000)
  to   space 5120K, 0% used [0x00000000eec00000,0x00000000eec00000,0x00000000ef100000)
 ParOldGen       total 87552K, used 2963K [0x00000000c0000000, 0x00000000c5580000, 0x00000000eab00000)
  object space 87552K, 3% used [0x00000000c0000000,0x00000000c02e4c78,0x00000000c5580000)
 Metaspace       used 6097K, capacity 7024K, committed 7296K, reserved 1056768K
  class space    used 603K, capacity 616K, committed 640K, reserved 1048576K
}

Deoptimization events (9 events):
Event: 0.549 Thread 0x0000000017237000 Uncommon trap: reason=unstable_if action=reinterpret pc=0x000000000250af7c method=java.util.HashMap.getNode(ILjava/lang/Object;)Ljava/util/HashMap$Node; @ 62
Event: 0.799 Thread 0x000000001723f800 Uncommon trap: reason=class_check action=maybe_recompile pc=0x00000000025ee068 method=com.android.dx.rop.type.Type.equals(Ljava/lang/Object;)Z @ 8
Event: 0.803 Thread 0x0000000017240000 Uncommon trap: reason=unstable_if action=reinterpret pc=0x00000000025032b0 method=java.util.BitSet.nextSetBit(I)I @ 87
Event: 0.993 Thread 0x000000001723f800 Uncommon trap: reason=null_check action=make_not_entrant pc=0x00000000025ee078 method=com.android.dx.rop.type.Type.equals(Ljava/lang/Object;)Z @ 8
Event: 1.146 Thread 0x000000001723f800 Uncommon trap: reason=unstable_if action=reinterpret pc=0x000000000269c6f8 method=com.android.dx.cf.code.Ropper.labelToResultIndex(I)I @ 34
Event: 1.146 Thread 0x000000001723f800 Uncommon trap: reason=class_check action=maybe_recompile pc=0x000000000265e1e8 method=com.android.dx.rop.type.Type.equals(Ljava/lang/Object;)Z @ 8
Event: 1.146 Thread 0x000000001723f800 Uncommon trap: reason=class_check action=maybe_recompile pc=0x000000000265e1e8 method=com.android.dx.rop.type.Type.equals(Ljava/lang/Object;)Z @ 8
Event: 1.152 Thread 0x000000001723f800 Uncommon trap: reason=class_check action=maybe_recompile pc=0x000000000265e1e8 method=com.android.dx.rop.type.Type.equals(Ljava/lang/Object;)Z @ 8
Event: 1.251 Thread 0x0000000017240000 Uncommon trap: reason=unstable_if action=reinterpret pc=0x000000000269b59c method=com.android.dx.rop.cst.Constant.compareTo(Lcom/android/dx/rop/cst/Constant;)I @ 12

Internal exceptions (3 events):
Event: 0.030 Thread 0x00000000021f0800 Exception <a 'java/lang/NoSuchMethodError': Method sun.misc.Unsafe.defineClass(Ljava/lang/String;[BII)Ljava/lang/Class; name or signature does not match> (0x00000000eab0d590) thrown at [C:\re\workspace\8-2-build-windows-amd64-cygwin\jdk8u60\4407\hotspot\sr©¨úKÆû?
Event: 0.030 Thread 0x00000000021f0800 Exception <a 'java/lang/NoSuchMethodError': Method sun.misc.Unsafe.prefetchRead(Ljava/lang/Object;J)V name or signature does not match> (0x00000000eab0d878) thrown at [C:\re\workspace\8-2-build-windows-amd64-cygwin\jdk8u60\4407\hotspot\src\share\vm\prims\jr«V∞ »Ô?
Event: 0.993 Thread 0x000000001723f800 Implicit null exception at 0x00000000025edf62 to 0x00000000025ee069

Events (10 events):
Event: 1.279 Thread 0x000000001723f800 DEOPT PACKING pc=0x000000000258a30f sp=0x00000000186ce8f0
Event: 1.279 Thread 0x000000001723f800 DEOPT UNPACKING pc=0x000000000233787f sp=0x00000000186ce6e0 mode 0
Event: 1.302 Thread 0x0000000017240000 DEOPT PACKING pc=0x000000000258a30f sp=0x00000000187cebc0
Event: 1.302 Thread 0x0000000017240000 DEOPT UNPACKING pc=0x000000000233787f sp=0x00000000187ce9a0 mode 0
Event: 1.347 Thread 0x000000001723f800 DEOPT PACKING pc=0x000000000265303c sp=0x00000000186ce820
Event: 1.347 Thread 0x000000001723f800 DEOPT UNPACKING pc=0x000000000233787f sp=0x00000000186ce5e8 mode 0
Event: 1.384 Executing VM operation: ForceSafepoint
Event: 1.492 Executing VM operation: ForceSafepoint done
Event: 1.880 Executing VM operation: ParallelGCFailedAllocation
Event: 2.571 Executing VM operation: ParallelGCFailedAllocation done


Dynamic libraries:
0x00007ff776350000 - 0x00007ff776387000 	C:\Program Files\Java\jdk1.8.0_60\bin\java.exe
0x00007ffe87bc0000 - 0x00007ffe87d81000 	C:\WINDOWS\SYSTEM32\ntdll.dll
0x00007ffe857f0000 - 0x00007ffe8589d000 	C:\WINDOWS\system32\KERNEL32.DLL
0x00007ffe849d0000 - 0x00007ffe84bad000 	C:\WINDOWS\system32\KERNELBASE.dll
0x00007ffe852a0000 - 0x00007ffe85346000 	C:\WINDOWS\system32\ADVAPI32.dll
0x00007ffe85c10000 - 0x00007ffe85cad000 	C:\WINDOWS\system32\msvcrt.dll
0x00007ffe85730000 - 0x00007ffe8578b000 	C:\WINDOWS\system32\sechost.dll
0x00007ffe85d90000 - 0x00007ffe85eb6000 	C:\WINDOWS\system32\RPCRT4.dll
0x00007ffe87700000 - 0x00007ffe8784e000 	C:\WINDOWS\system32\USER32.dll
0x00007ffe87a20000 - 0x00007ffe87ba6000 	C:\WINDOWS\system32\GDI32.dll
0x00007ffe81310000 - 0x00007ffe81584000 	C:\WINDOWS\WinSxS\amd64_microsoft.windows.common-controls_6595b64144ccf1df_6.0.10240.16384_none_f41f7b285750ef43\COMCTL32.dll
0x00007ffe85540000 - 0x00007ffe85576000 	C:\WINDOWS\system32\IMM32.DLL
0x00007ffe858a0000 - 0x00007ffe859fc000 	C:\WINDOWS\system32\MSCTF.dll
0x0000000058c00000 - 0x0000000058cd2000 	C:\Program Files\Java\jdk1.8.0_60\jre\bin\msvcr100.dll
0x0000000059080000 - 0x0000000059909000 	C:\Program Files\Java\jdk1.8.0_60\jre\bin\server\jvm.dll
0x00007ffe85d80000 - 0x00007ffe85d88000 	C:\WINDOWS\system32\PSAPI.DLL
0x00007ffe81aa0000 - 0x00007ffe81aaa000 	C:\WINDOWS\SYSTEM32\VERSION.dll
0x00007ffe82680000 - 0x00007ffe82689000 	C:\WINDOWS\SYSTEM32\WSOCK32.dll
0x00007ffe82880000 - 0x00007ffe828a3000 	C:\WINDOWS\SYSTEM32\WINMM.dll
0x00007ffe85cb0000 - 0x00007ffe85d19000 	C:\WINDOWS\system32\WS2_32.dll
0x00007ffe85290000 - 0x00007ffe85298000 	C:\WINDOWS\system32\NSI.dll
0x00007ffe82820000 - 0x00007ffe8284c000 	C:\WINDOWS\SYSTEM32\WINMMBASE.dll
0x00007ffe84bb0000 - 0x00007ffe84bf4000 	C:\WINDOWS\system32\cfgmgr32.dll
0x00007ffe82f60000 - 0x00007ffe82f87000 	C:\WINDOWS\SYSTEM32\DEVOBJ.dll
0x0000000059070000 - 0x000000005907f000 	C:\Program Files\Java\jdk1.8.0_60\jre\bin\verify.dll
0x0000000059040000 - 0x0000000059069000 	C:\Program Files\Java\jdk1.8.0_60\jre\bin\java.dll
0x0000000059020000 - 0x0000000059036000 	C:\Program Files\Java\jdk1.8.0_60\jre\bin\zip.dll
0x00007ffe85ec0000 - 0x00007ffe873e2000 	C:\WINDOWS\system32\SHELL32.dll
0x00007ffe84c00000 - 0x00007ffe85228000 	C:\WINDOWS\system32\windows.storage.dll
0x00007ffe87460000 - 0x00007ffe876dc000 	C:\WINDOWS\system32\combase.dll
0x00007ffe85350000 - 0x00007ffe853a1000 	C:\WINDOWS\system32\shlwapi.dll
0x00007ffe84660000 - 0x00007ffe8466f000 	C:\WINDOWS\system32\kernel.appcore.dll
0x00007ffe84740000 - 0x00007ffe847f3000 	C:\WINDOWS\system32\shcore.dll
0x00007ffe84610000 - 0x00007ffe8465a000 	C:\WINDOWS\system32\powrprof.dll
0x00007ffe845f0000 - 0x00007ffe84603000 	C:\WINDOWS\system32\profapi.dll

VM Arguments:
jvm_args: -Djava.awt.headless=true -Xmx1024M -Dfile.encoding=windows-1252 -Duser.country=ES -Duser.language=es -Duser.variant 
java_command: com.android.dx.command.Main --dex --num-threads=4 --output C:\Users\lprub\Desktop\Musica\app\build\intermediates\pre-dexed\debug\com.android.support-support-v4-23.1.1_02839dfcec57faba05018dc11dc82f0760fc8700.jar C:\Users\lprub\Desktop\Musica\app\build\intermediates\exploded-aar\com.android.support\support-v4\23.1.1\jars\classes.jar
java_class_path (initial): C:\Users\lprub\AppData\Local\Android\sdk\build-tools\23.0.2\lib\dx.jar
Launcher Type: SUN_STANDARD

Environment Variables:
PATH=C:\ProgramData\Oracle\Java\javapath;C:\Program Files (x86)\Intel\iCLS Client\;C:\Program Files\Intel\iCLS Client\;C:\WINDOWS\system32;C:\WINDOWS;C:\WINDOWS\System32\Wbem;C:\WINDOWS\System32\WindowsPowerShell\v1.0\;C:\Program Files (x86)\NVIDIA Corporation\PhysX\Common;C:\Program Files (x86)\Intel\Intel(R) Management Engine Components\DAL;C:\Program Files\Intel\Intel(R) Management Engine Components\DAL;C:\Program Files (x86)\Intel\Intel(R) Management Engine Components\IPT;C:\Program Files\Intel\Intel(R) Management Engine Components\IPT;C:\Program Files (x86)\Brackets\command;C:\Program Files (x86)\Skype\Phone\
USERNAME=lprub
OS=Windows_NT
PROCESSOR_IDENTIFIER=Intel64 Family 6 Model 60 Stepping 3, GenuineIntel



---------------  S Y S T E M  ---------------

OS: Windows 10.0 , 64 bit Build 10240 (10.0.10240.16384)

CPU:total 8 (4 cores per cpu, 2 threads per core) family 6 model 60 stepping 3, cmov, cx8, fxsr, mmx, sse, sse2, sse3, ssse3, sse4.1, sse4.2, popcnt, avx, avx2, aes, clmul, erms, lzcnt, ht, tsc, tscinvbit, bmi1, bmi2

Memory: 4k page, physical 8314240k(1609216k free), swap 9362816k(6216k free)

vm_info: Java HotSpot(TM) 64-Bit Server VM (25.60-b23) for windows-amd64 JRE (1.8.0_60-b27), built on Aug  4 2015 11:06:27 by "java_re" with MS VC++ 10.0 (VS2010)

time: Mon Jan 18 18:45:03 2016
elapsed time: 3 seconds (0d 0h 0m 3s)

