#
# There is insufficient memory for the Java Runtime Environment to continue.
# Native memory allocation (malloc) failed to allocate 1053776 bytes for Chunk::new
# Possible reasons:
#   The system is out of physical RAM or swap space
#   In 32 bit mode, the process size limit was hit
# Possible solutions:
#   Reduce memory load on the system
#   Increase physical memory or swap space
#   Check if swap backing store is full
#   Use 64 bit Java on a 64 bit OS
#   Decrease Java heap size (-Xmx/-Xms)
#   Decrease number of Java threads
#   Decrease Java thread stack sizes (-Xss)
#   Set larger code cache with -XX:ReservedCodeCacheSize=
# This output file may be truncated or incomplete.
#
#  Out of Memory Error (allocation.cpp:390), pid=7004, tid=3200
#
# JRE version: Java(TM) SE Runtime Environment (8.0_60-b27) (build 1.8.0_60-b27)
# Java VM: Java HotSpot(TM) 64-Bit Server VM (25.60-b23 mixed mode windows-amd64 compressed oops)
# Failed to write core dump. Minidumps are not enabled by default on client versions of Windows
#

---------------  T H R E A D  ---------------

Current thread (0x0000000016f36000):  JavaThread "C2 CompilerThread0" daemon [_thread_in_native, id=3200, stack(0x0000000017510000,0x0000000017610000)]

Stack: [0x0000000017510000,0x0000000017610000]
[error occurred during error reporting (printing stack bounds), id 0xc0000005]

Native frames: (J=compiled Java code, j=interpreted, Vv=VM code, C=native code)


Current CompileTask:
C2:    313  853       4       com.android.dx.merge.DexMerger::transformDebugInfoItem (313 bytes)


---------------  P R O C E S S  ---------------

Java Threads: ( => current thread )
  0x0000000016fd8800 JavaThread "Service Thread" daemon [_thread_blocked, id=2592, stack(0x0000000017910000,0x0000000017a10000)]
  0x0000000016f47000 JavaThread "C1 CompilerThread3" daemon [_thread_blocked, id=4112, stack(0x0000000017810000,0x0000000017910000)]
  0x0000000016f41000 JavaThread "C2 CompilerThread2" daemon [_thread_in_native, id=6276, stack(0x0000000017710000,0x0000000017810000)]
  0x0000000016f3e000 JavaThread "C2 CompilerThread1" daemon [_thread_in_native, id=7468, stack(0x0000000017610000,0x0000000017710000)]
=>0x0000000016f36000 JavaThread "C2 CompilerThread0" daemon [_thread_in_native, id=3200, stack(0x0000000017510000,0x0000000017610000)]
  0x0000000016f35000 JavaThread "Attach Listener" daemon [_thread_blocked, id=1492, stack(0x0000000017410000,0x0000000017510000)]
  0x0000000016f34000 JavaThread "Signal Dispatcher" daemon [_thread_blocked, id=9860, stack(0x0000000017310000,0x0000000017410000)]
  0x0000000002319800 JavaThread "Finalizer" daemon [_thread_blocked, id=9144, stack(0x0000000016d10000,0x0000000016e10000)]
  0x0000000014e3d800 JavaThread "Reference Handler" daemon [_thread_blocked, id=5388, stack(0x0000000016c10000,0x0000000016d10000)]
  0x000000000202d800 JavaThread "main" [_thread_in_Java, id=420, stack(0x0000000002120000,0x0000000002220000)]

Other Threads:
  0x0000000014e39000 VMThread [stack: 0x0000000016b10000,0x0000000016c10000] [id=2100]
  0x0000000016ff2800 WatcherThread [stack: 0x0000000017a10000,0x0000000017b10000] [id=3044]

VM state:not at safepoint (normal execution)

VM Mutex/Monitor currently owned by a thread: None

Heap:
 PSYoungGen      total 38400K, used 32800K [0x00000000eab00000, 0x00000000ef600000, 0x0000000100000000)
  eden space 33280K, 83% used [0x00000000eab00000,0x00000000ec60dc48,0x00000000ecb80000)
  from space 5120K, 99% used [0x00000000ecb80000,0x00000000ed07a418,0x00000000ed080000)
  to   space 5120K, 0% used [0x00000000ef100000,0x00000000ef100000,0x00000000ef600000)
 ParOldGen       total 87552K, used 15761K [0x00000000c0000000, 0x00000000c5580000, 0x00000000eab00000)
  object space 87552K, 18% used [0x00000000c0000000,0x00000000c0f647c0,0x00000000c5580000)
 Metaspace       used 4606K, capacity 5464K, committed 5760K, reserved 1056768K
  class space    used 500K, capacity 528K, committed 640K, reserved 1048576K

Card table byte_map: [0x00000000116e0000,0x00000000118f0000] byte_map_base: 0x00000000110e0000

Marking Bits: (ParMarkBitMap*) 0x0000000054cda5b0
 Begin Bits: [0x0000000012250000, 0x0000000013250000)
 End Bits:   [0x0000000013250000, 0x0000000014250000)

Polling page: 0x0000000001fe0000

CodeCache: size=245760Kb used=3085Kb max_used=3085Kb free=242674Kb
 bounds [0x0000000002320000, 0x0000000002630000, 0x0000000011320000]
 total_blobs=1192 nmethods=923 adapters=182
 compilation: enabled

Compilation events (10 events):
Event: 0.305 Thread 0x0000000016f47000  929       1       java.util.LinkedHashMap::removeEldestEntry (2 bytes)
Event: 0.305 Thread 0x0000000016f47000 nmethod 929 0x000000000261f050 code [0x000000000261f1a0, 0x000000000261f2b0]
Event: 0.305 Thread 0x0000000016f47000  930       1       java.util.HashMap$Node::getKey (5 bytes)
Event: 0.305 Thread 0x0000000016f47000 nmethod 930 0x000000000261ed90 code [0x000000000261eee0, 0x000000000261eff0]
Event: 0.305 Thread 0x0000000016f47000  933       3       java.lang.Integer::reverseBytes (26 bytes)
Event: 0.306 Thread 0x0000000016f47000 nmethod 933 0x0000000002623750 code [0x00000000026238a0, 0x00000000026239f0]
Event: 0.306 Thread 0x0000000016f47000  935       3       sun.security.provider.SHA::implCompress (491 bytes)
Event: 0.307 Thread 0x0000000016f47000 nmethod 935 0x0000000002623a50 code [0x0000000002623c40, 0x0000000002624528]
Event: 0.307 Thread 0x0000000016f47000  936       3       sun.security.provider.ByteArrayAccess::b2iBig64 (614 bytes)
Event: 0.308 Thread 0x0000000016f47000 nmethod 936 0x0000000002624d90 code [0x0000000002624fa0, 0x0000000002625d68]

GC Heap History (2 events):
Event: 0.177 GC heap before
{Heap before GC invocations=1 (full 0):
 PSYoungGen      total 38400K, used 33280K [0x00000000eab00000, 0x00000000ed580000, 0x0000000100000000)
  eden space 33280K, 100% used [0x00000000eab00000,0x00000000ecb80000,0x00000000ecb80000)
  from space 5120K, 0% used [0x00000000ed080000,0x00000000ed080000,0x00000000ed580000)
  to   space 5120K, 0% used [0x00000000ecb80000,0x00000000ecb80000,0x00000000ed080000)
 ParOldGen       total 87552K, used 0K [0x00000000c0000000, 0x00000000c5580000, 0x00000000eab00000)
  object space 87552K, 0% used [0x00000000c0000000,0x00000000c0000000,0x00000000c5580000)
 Metaspace       used 3894K, capacity 5008K, committed 5120K, reserved 1056768K
  class space    used 423K, capacity 456K, committed 512K, reserved 1048576K
Event: 0.181 GC heap after
Heap after GC invocations=1 (full 0):
 PSYoungGen      total 38400K, used 5097K [0x00000000eab00000, 0x00000000ef600000, 0x0000000100000000)
  eden space 33280K, 0% used [0x00000000eab00000,0x00000000eab00000,0x00000000ecb80000)
  from space 5120K, 99% used [0x00000000ecb80000,0x00000000ed07a418,0x00000000ed080000)
  to   space 5120K, 0% used [0x00000000ef100000,0x00000000ef100000,0x00000000ef600000)
 ParOldGen       total 87552K, used 15761K [0x00000000c0000000, 0x00000000c5580000, 0x00000000eab00000)
  object space 87552K, 18% used [0x00000000c0000000,0x00000000c0f647c0,0x00000000c5580000)
 Metaspace       used 3894K, capacity 5008K, committed 5120K, reserved 1056768K
  class space    used 423K, capacity 456K, committed 512K, reserved 1048576K
}

Deoptimization events (10 events):
Event: 0.164 Thread 0x000000000202d800 Uncommon trap: reason=predicate action=maybe_recompile pc=0x00000000024f4cf4 method=java.util.TreeMap.put(Ljava/lang/Object;Ljava/lang/Object;)Ljava/lang/Object; @ 132
Event: 0.188 Thread 0x000000000202d800 Uncommon trap: reason=class_check action=maybe_recompile pc=0x00000000024b6db0 method=com.android.dex.Leb128.readUnsignedLeb128(Lcom/android/dex/util/ByteInput;)I @ 5
Event: 0.188 Thread 0x000000000202d800 Uncommon trap: reason=class_check action=maybe_recompile pc=0x00000000024b6db0 method=com.android.dex.Leb128.readUnsignedLeb128(Lcom/android/dex/util/ByteInput;)I @ 5
Event: 0.188 Thread 0x000000000202d800 Uncommon trap: reason=predicate action=maybe_recompile pc=0x00000000024bda08 method=com.android.dex.Leb128.writeUnsignedLeb128(Lcom/android/dex/util/ByteOutput;I)V @ 9
Event: 0.188 Thread 0x000000000202d800 Uncommon trap: reason=class_check action=maybe_recompile pc=0x00000000024b6db0 method=com.android.dex.Leb128.readUnsignedLeb128(Lcom/android/dex/util/ByteInput;)I @ 5
Event: 0.188 Thread 0x000000000202d800 Uncommon trap: reason=class_check action=maybe_recompile pc=0x00000000024b6db0 method=com.android.dex.Leb128.readUnsignedLeb128(Lcom/android/dex/util/ByteInput;)I @ 5
Event: 0.205 Thread 0x000000000202d800 Uncommon trap: reason=unstable_if action=reinterpret pc=0x000000000253a3dc method=com.android.dex.EncodedValueCodec.readUnsignedInt(Lcom/android/dex/util/ByteInput;IZ)I @ 3
Event: 0.230 Thread 0x000000000202d800 Uncommon trap: reason=unstable_if action=reinterpret pc=0x00000000024fc074 method=com.android.dx.merge.IndexMap.adjustString(I)I @ 2
Event: 0.244 Thread 0x000000000202d800 Uncommon trap: reason=unstable_if action=reinterpret pc=0x000000000256bd7c method=java.util.HashMap.getNode(ILjava/lang/Object;)Ljava/util/HashMap$Node; @ 84
Event: 0.244 Thread 0x000000000202d800 Uncommon trap: reason=unstable_if action=reinterpret pc=0x000000000254a44c method=java.util.HashMap.getNode(ILjava/lang/Object;)Ljava/util/HashMap$Node; @ 84

Internal exceptions (2 events):
Event: 0.017 Thread 0x000000000202d800 Exception <a 'java/lang/NoSuchMethodError': Method sun.misc.Unsafe.defineClass(Ljava/lang/String;[BII)Ljava/lang/Class; name or signature does not match> (0x00000000eab0dc10) thrown at [C:\re\workspace\8-2-build-windows-amd64-cygwin\jdk8u60\4407\hotspot\sr‘(Ké»ð‘?
Event: 0.018 Thread 0x000000000202d800 Exception <a 'java/lang/NoSuchMethodError': Method sun.misc.Unsafe.prefetchRead(Ljava/lang/Object;J)V name or signature does not match> (0x00000000eab0def8) thrown at [C:\re\workspace\8-2-build-windows-amd64-cygwin\jdk8u60\4407\hotspot\src\share\vm\prims\j

Events (10 events):
Event: 0.305 loading class sun/security/provider/SHA
Event: 0.305 loading class sun/security/provider/DigestBase
Event: 0.305 loading class sun/security/provider/DigestBase done
Event: 0.305 loading class sun/security/provider/SHA done
Event: 0.305 loading class sun/security/jca/GetInstance$Instance
Event: 0.305 loading class sun/security/jca/GetInstance$Instance done
Event: 0.305 loading class java/security/MessageDigest$Delegate
Event: 0.305 loading class java/security/MessageDigest$Delegate done
Event: 0.305 loading class sun/security/provider/ByteArrayAccess
Event: 0.305 loading class sun/security/provider/ByteArrayAccess done


Dynamic libraries:
0x00007ff7989b0000 - 0x00007ff7989e7000 	C:\Program Files\Java\jdk1.8.0_60\bin\java.exe
0x00007ffab4e70000 - 0x00007ffab5031000 	C:\WINDOWS\SYSTEM32\ntdll.dll
0x00007ffab2a60000 - 0x00007ffab2b0d000 	C:\WINDOWS\system32\KERNEL32.DLL
0x00007ffab2360000 - 0x00007ffab253d000 	C:\WINDOWS\system32\KERNELBASE.dll
0x00007ffab2dc0000 - 0x00007ffab2e66000 	C:\WINDOWS\system32\ADVAPI32.dll
0x00007ffab2f50000 - 0x00007ffab2fed000 	C:\WINDOWS\system32\msvcrt.dll
0x00007ffab2a00000 - 0x00007ffab2a5b000 	C:\WINDOWS\system32\sechost.dll
0x00007ffab33c0000 - 0x00007ffab34e6000 	C:\WINDOWS\system32\RPCRT4.dll
0x00007ffab36a0000 - 0x00007ffab37ee000 	C:\WINDOWS\system32\USER32.dll
0x00007ffab2550000 - 0x00007ffab26d6000 	C:\WINDOWS\system32\GDI32.dll
0x00007ffaae600000 - 0x00007ffaae874000 	C:\WINDOWS\WinSxS\amd64_microsoft.windows.common-controls_6595b64144ccf1df_6.0.10240.16384_none_f41f7b285750ef43\COMCTL32.dll
0x00007ffab2cd0000 - 0x00007ffab2d06000 	C:\WINDOWS\system32\IMM32.DLL
0x00007ffab2b10000 - 0x00007ffab2c6c000 	C:\WINDOWS\system32\MSCTF.dll
0x0000000054050000 - 0x0000000054122000 	C:\Program Files\Java\jdk1.8.0_60\jre\bin\msvcr100.dll
0x00000000544d0000 - 0x0000000054d59000 	C:\Program Files\Java\jdk1.8.0_60\jre\bin\server\jvm.dll
0x00007ffab2540000 - 0x00007ffab2548000 	C:\WINDOWS\system32\PSAPI.DLL
0x00007ffaab110000 - 0x00007ffaab119000 	C:\WINDOWS\SYSTEM32\WSOCK32.dll
0x00007ffaafd50000 - 0x00007ffaafd73000 	C:\WINDOWS\SYSTEM32\WINMM.dll
0x00007ffaaed00000 - 0x00007ffaaed0a000 	C:\WINDOWS\SYSTEM32\VERSION.dll
0x00007ffab2ed0000 - 0x00007ffab2f39000 	C:\WINDOWS\system32\WS2_32.dll
0x00007ffab2f40000 - 0x00007ffab2f48000 	C:\WINDOWS\system32\NSI.dll
0x00007ffaaf980000 - 0x00007ffaaf9ac000 	C:\WINDOWS\SYSTEM32\WINMMBASE.dll
0x00007ffab1b10000 - 0x00007ffab1b54000 	C:\WINDOWS\system32\cfgmgr32.dll
0x00007ffab0210000 - 0x00007ffab0237000 	C:\WINDOWS\SYSTEM32\DEVOBJ.dll
0x00000000544c0000 - 0x00000000544cf000 	C:\Program Files\Java\jdk1.8.0_60\jre\bin\verify.dll
0x0000000054490000 - 0x00000000544b9000 	C:\Program Files\Java\jdk1.8.0_60\jre\bin\java.dll
0x0000000054470000 - 0x0000000054486000 	C:\Program Files\Java\jdk1.8.0_60\jre\bin\zip.dll
0x00007ffab37f0000 - 0x00007ffab4d12000 	C:\WINDOWS\system32\SHELL32.dll
0x00007ffab1bc0000 - 0x00007ffab21e8000 	C:\WINDOWS\system32\windows.storage.dll
0x00007ffab30e0000 - 0x00007ffab335c000 	C:\WINDOWS\system32\combase.dll
0x00007ffab2c70000 - 0x00007ffab2cc1000 	C:\WINDOWS\system32\shlwapi.dll
0x00007ffab18e0000 - 0x00007ffab18ef000 	C:\WINDOWS\system32\kernel.appcore.dll
0x00007ffab22a0000 - 0x00007ffab2353000 	C:\WINDOWS\system32\shcore.dll
0x00007ffab18f0000 - 0x00007ffab193a000 	C:\WINDOWS\system32\powrprof.dll
0x00007ffab18c0000 - 0x00007ffab18d3000 	C:\WINDOWS\system32\profapi.dll

VM Arguments:
jvm_args: -Djava.awt.headless=true -Xmx1024M -Dfile.encoding=windows-1252 -Duser.country=ES -Duser.language=es -Duser.variant 
java_command: com.android.dx.command.Main --dex --num-threads=4 --output C:\Users\lprub\Desktop\Musica\app\build\intermediates\transforms\dex\debug\folders\1000\1f\main C:\Users\lprub\Desktop\Musica\app\build\intermediates\pre-dexed\debug\support-annotations-23.1.1_5102cb4ed8882b58798c777ce7a9aa3522c0097e.jar C:\Users\lprub\Desktop\Musica\app\build\intermediates\pre-dexed\debug\debug_d3cf1b25dbbaf560c5450e13c3ab654b0553d363.jar C:\Users\lprub\Desktop\Musica\app\build\intermediates\pre-dexed\debug\internal_impl-23.1.1_3350017731b497a7e3df587a96ffed6b5dff9f79.jar C:\Users\lprub\Desktop\Musica\app\build\intermediates\pre-dexed\debug\com.android.support-design-23.1.1_1f4bafc1c39b9a79fda189ccacee01236734271e.jar C:\Users\lprub\Desktop\Musica\app\build\intermediates\pre-dexed\debug\com.android.support-recyclerview-v7-23.1.1_7d55b9551aea8c42e750e10a86a349b166bef405.jar C:\Users\lprub\Desktop\Musica\app\build\intermediates\pre-dexed\debug\com.android.support-appcompat-v7-23.1.1_315659682052faef9268e223e770e4f57639e9fb.jar C:\Users\lprub\Desktop\Musica\app\build\intermediates\pre-dexed\debug\com.android.support-support-v4-23.1.1_02839dfcec57faba05018dc11dc82f0760fc8700.jar
java_class_path (initial): C:\Users\lprub\AppData\Local\Android\sdk\build-tools\23.0.2\lib\dx.jar
Launcher Type: SUN_STANDARD

Environment Variables:
PATH=C:\ProgramData\Oracle\Java\javapath;C:\Program Files (x86)\Intel\iCLS Client\;C:\Program Files\Intel\iCLS Client\;C:\WINDOWS\system32;C:\WINDOWS;C:\WINDOWS\System32\Wbem;C:\WINDOWS\System32\WindowsPowerShell\v1.0\;C:\Program Files (x86)\NVIDIA Corporation\PhysX\Common;C:\Program Files (x86)\Intel\Intel(R) Management Engine Components\DAL;C:\Program Files\Intel\Intel(R) Management Engine Components\DAL;C:\Program Files (x86)\Intel\Intel(R) Management Engine Components\IPT;C:\Program Files\Intel\Intel(R) Management Engine Components\IPT;C:\Program Files (x86)\Brackets\command;C:\Program Files (x86)\Skype\Phone\
USERNAME=lprub
OS=Windows_NT
PROCESSOR_IDENTIFIER=Intel64 Family 6 Model 60 Stepping 3, GenuineIntel



---------------  S Y S T E M  ---------------

OS: Windows 10.0 , 64 bit Build 10240 (10.0.10240.16384)

CPU:total 8 (4 cores per cpu, 2 threads per core) family 6 model 60 stepping 3, cmov, cx8, fxsr, mmx, sse, sse2, sse3, ssse3, sse4.1, sse4.2, popcnt, avx, avx2, aes, clmul, erms, lzcnt, ht, tsc, tscinvbit, bmi1, bmi2

Memory: 4k page, physical 8314240k(1069732k free), swap 9362816k(6128k free)

vm_info: Java HotSpot(TM) 64-Bit Server VM (25.60-b23) for windows-amd64 JRE (1.8.0_60-b27), built on Aug  4 2015 11:06:27 by "java_re" with MS VC++ 10.0 (VS2010)

time: Tue Jan 19 22:15:43 2016
elapsed time: 0 seconds (0d 0h 0m 0s)

