#
# There is insufficient memory for the Java Runtime Environment to continue.
# Native memory allocation (malloc) failed to allocate 548016 bytes for Chunk::new
# Possible reasons:
#   The system is out of physical RAM or swap space
#   In 32 bit mode, the process size limit was hit
# Possible solutions:
#   Reduce memory load on the system
#   Increase physical memory or swap space
#   Check if swap backing store is full
#   Use 64 bit Java on a 64 bit OS
#   Decrease Java heap size (-Xmx/-Xms)
#   Decrease number of Java threads
#   Decrease Java thread stack sizes (-Xss)
#   Set larger code cache with -XX:ReservedCodeCacheSize=
# This output file may be truncated or incomplete.
#
#  Out of Memory Error (allocation.cpp:390), pid=8928, tid=2752
#
# JRE version: Java(TM) SE Runtime Environment (8.0_60-b27) (build 1.8.0_60-b27)
# Java VM: Java HotSpot(TM) 64-Bit Server VM (25.60-b23 mixed mode windows-amd64 compressed oops)
# Failed to write core dump. Minidumps are not enabled by default on client versions of Windows
#

---------------  T H R E A D  ---------------

Current thread (0x0000000017d16000):  JavaThread "C2 CompilerThread0" daemon [_thread_in_native, id=2752, stack(0x00000000182f0000,0x00000000183f0000)]

Stack: [0x00000000182f0000,0x00000000183f0000]
[error occurred during error reporting (printing stack bounds), id 0xc0000005]

Native frames: (J=compiled Java code, j=interpreted, Vv=VM code, C=native code)


Current CompileTask:
C2:   3143 1585       4       com.android.dx.ssa.SCCP::simulatePhi (169 bytes)


---------------  P R O C E S S  ---------------

Java Threads: ( => current thread )
  0x0000000017fee800 JavaThread "pool-1-thread-4" [_thread_blocked, id=9808, stack(0x0000000018cf0000,0x0000000018df0000)]
  0x0000000017feb800 JavaThread "pool-1-thread-3" [_thread_blocked, id=11652, stack(0x0000000018bf0000,0x0000000018cf0000)]
  0x0000000017feb000 JavaThread "pool-1-thread-2" [_thread_blocked, id=11696, stack(0x0000000018af0000,0x0000000018bf0000)]
  0x0000000017fd0000 JavaThread "pool-2-thread-1" [_thread_blocked, id=11752, stack(0x00000000189f0000,0x0000000018af0000)]
  0x0000000017fcf800 JavaThread "pool-1-thread-1" [_thread_blocked, id=11740, stack(0x00000000188f0000,0x00000000189f0000)]
  0x0000000017d91800 JavaThread "Service Thread" daemon [_thread_blocked, id=11444, stack(0x00000000186f0000,0x00000000187f0000)]
  0x0000000017d78000 JavaThread "C1 CompilerThread3" daemon [_thread_blocked, id=6252, stack(0x00000000185f0000,0x00000000186f0000)]
  0x0000000017d2b000 JavaThread "C2 CompilerThread2" daemon [_thread_blocked, id=11268, stack(0x00000000184f0000,0x00000000185f0000)]
  0x0000000017d1b800 JavaThread "C2 CompilerThread1" daemon [_thread_blocked, id=4884, stack(0x00000000183f0000,0x00000000184f0000)]
=>0x0000000017d16000 JavaThread "C2 CompilerThread0" daemon [_thread_in_native, id=2752, stack(0x00000000182f0000,0x00000000183f0000)]
  0x0000000017d14800 JavaThread "Attach Listener" daemon [_thread_blocked, id=11608, stack(0x00000000181f0000,0x00000000182f0000)]
  0x0000000017d13800 JavaThread "Signal Dispatcher" daemon [_thread_blocked, id=11600, stack(0x00000000180f0000,0x00000000181f0000)]
  0x0000000002fe9000 JavaThread "Finalizer" daemon [_thread_blocked, id=11316, stack(0x0000000017af0000,0x0000000017bf0000)]
  0x0000000002fe2000 JavaThread "Reference Handler" daemon [_thread_blocked, id=11312, stack(0x00000000179f0000,0x0000000017af0000)]
  0x0000000002ef0800 JavaThread "main" [_thread_blocked, id=1276, stack(0x0000000002d30000,0x0000000002e30000)]

Other Threads:
  0x0000000015c09800 VMThread [stack: 0x00000000178f0000,0x00000000179f0000] [id=5832]
  0x0000000017da1800 WatcherThread [stack: 0x00000000187f0000,0x00000000188f0000] [id=4500]

VM state:not at safepoint (normal execution)

VM Mutex/Monitor currently owned by a thread: None

Heap:
 PSYoungGen      total 38400K, used 37877K [0x00000000eab00000, 0x00000000ef600000, 0x0000000100000000)
  eden space 33280K, 98% used [0x00000000eab00000,0x00000000ecb02600,0x00000000ecb80000)
  from space 5120K, 99% used [0x00000000ecb80000,0x00000000ed07ae00,0x00000000ed080000)
  to   space 5120K, 0% used [0x00000000ef100000,0x00000000ef100000,0x00000000ef600000)
 ParOldGen       total 87552K, used 1279K [0x00000000c0000000, 0x00000000c5580000, 0x00000000eab00000)
  object space 87552K, 1% used [0x00000000c0000000,0x00000000c013ffc0,0x00000000c5580000)
 Metaspace       used 6193K, capacity 7088K, committed 7296K, reserved 1056768K
  class space    used 603K, capacity 616K, committed 640K, reserved 1048576K

Card table byte_map: [0x00000000124b0000,0x00000000126c0000] byte_map_base: 0x0000000011eb0000

Marking Bits: (ParMarkBitMap*) 0x000000005988a5b0
 Begin Bits: [0x0000000013020000, 0x0000000014020000)
 End Bits:   [0x0000000014020000, 0x0000000015020000)

Polling page: 0x00000000015b0000

CodeCache: size=245760Kb used=6834Kb max_used=6847Kb free=238925Kb
 bounds [0x00000000030f0000, 0x00000000037b0000, 0x00000000120f0000]
 total_blobs=1857 nmethods=1587 adapters=182
 compilation: enabled

Compilation events (10 events):
Event: 3.029 Thread 0x0000000017d78000 1587       3       com.android.dx.cf.code.ConcreteMethod::<init> (262 bytes)
Event: 3.030 Thread 0x0000000017d78000 nmethod 1587 0x000000000379a890 code [0x000000000379ab60, 0x000000000379bfb8]
Event: 3.030 Thread 0x0000000017d78000 1588       3       com.android.dx.cf.code.Ropper::<init> (213 bytes)
Event: 3.030 Thread 0x0000000017d2b000 nmethod 1584 0x00000000037995d0 code [0x00000000037997a0, 0x0000000003799e30]
Event: 3.031 Thread 0x0000000017d78000 nmethod 1588 0x000000000379e790 code [0x000000000379eaa0, 0x00000000037a0538]
Event: 3.031 Thread 0x0000000017d78000 1590   !   3       com.android.dx.cf.code.BasicBlocker::doit (156 bytes)
Event: 3.032 Thread 0x0000000017d78000 nmethod 1590 0x00000000037a1390 code [0x00000000037a1620, 0x00000000037a2998]
Event: 3.032 Thread 0x0000000017d78000 1589       3       com.android.dx.cf.code.BasicBlocker::<init> (79 bytes)
Event: 3.032 Thread 0x0000000017d78000 nmethod 1589 0x000000000378b3d0 code [0x000000000378b5a0, 0x000000000378bf88]
Event: 3.033 Thread 0x0000000017d1b800 nmethod 1580 0x00000000037a5790 code [0x00000000037a5980, 0x00000000037a62d0]

GC Heap History (2 events):
Event: 1.178 GC heap before
{Heap before GC invocations=1 (full 0):
 PSYoungGen      total 38400K, used 33280K [0x00000000eab00000, 0x00000000ed580000, 0x0000000100000000)
  eden space 33280K, 100% used [0x00000000eab00000,0x00000000ecb80000,0x00000000ecb80000)
  from space 5120K, 0% used [0x00000000ed080000,0x00000000ed080000,0x00000000ed580000)
  to   space 5120K, 0% used [0x00000000ecb80000,0x00000000ecb80000,0x00000000ed080000)
 ParOldGen       total 87552K, used 0K [0x00000000c0000000, 0x00000000c5580000, 0x00000000eab00000)
  object space 87552K, 0% used [0x00000000c0000000,0x00000000c0000000,0x00000000c5580000)
 Metaspace       used 5969K, capacity 6896K, committed 7040K, reserved 1056768K
  class space    used 601K, capacity 616K, committed 640K, reserved 1048576K
Event: 1.491 GC heap after
Heap after GC invocations=1 (full 0):
 PSYoungGen      total 38400K, used 5099K [0x00000000eab00000, 0x00000000ef600000, 0x0000000100000000)
  eden space 33280K, 0% used [0x00000000eab00000,0x00000000eab00000,0x00000000ecb80000)
  from space 5120K, 99% used [0x00000000ecb80000,0x00000000ed07ae00,0x00000000ed080000)
  to   space 5120K, 0% used [0x00000000ef100000,0x00000000ef100000,0x00000000ef600000)
 ParOldGen       total 87552K, used 1279K [0x00000000c0000000, 0x00000000c5580000, 0x00000000eab00000)
  object space 87552K, 1% used [0x00000000c0000000,0x00000000c013ffc0,0x00000000c5580000)
 Metaspace       used 5969K, capacity 6896K, committed 7040K, reserved 1056768K
  class space    used 601K, capacity 616K, committed 640K, reserved 1048576K
}

Deoptimization events (10 events):
Event: 1.646 Thread 0x0000000017feb000 Uncommon trap: reason=unstable_if action=reinterpret pc=0x0000000003492b0c method=com.android.dx.rop.code.RegisterSpec.equals(ILcom/android/dx/rop/type/TypeBearer;Lcom/android/dx/rop/code/LocalItem;)Z @ 16
Event: 1.663 Thread 0x0000000017feb000 Uncommon trap: reason=unstable_if action=reinterpret pc=0x0000000003552738 method=com.android.dx.cf.code.Ropper.labelToResultIndex(I)I @ 34
Event: 1.867 Thread 0x0000000017feb000 Uncommon trap: reason=bimorphic action=maybe_recompile pc=0x00000000035e9b58 method=java.util.HashMap.getNode(ILjava/lang/Object;)Ljava/util/HashMap$Node; @ 126
Event: 1.867 Thread 0x0000000017feb000 Uncommon trap: reason=bimorphic action=maybe_recompile pc=0x00000000035e9b58 method=java.util.HashMap.getNode(ILjava/lang/Object;)Ljava/util/HashMap$Node; @ 126
Event: 1.867 Thread 0x0000000017feb000 Uncommon trap: reason=bimorphic action=maybe_recompile pc=0x00000000035e9b58 method=java.util.HashMap.getNode(ILjava/lang/Object;)Ljava/util/HashMap$Node; @ 126
Event: 1.867 Thread 0x0000000017feb000 Uncommon trap: reason=bimorphic action=maybe_recompile pc=0x00000000035e9b58 method=java.util.HashMap.getNode(ILjava/lang/Object;)Ljava/util/HashMap$Node; @ 126
Event: 1.880 Thread 0x0000000017feb000 Uncommon trap: reason=unstable_if action=reinterpret pc=0x00000000035ebd88 method=com.android.dx.ssa.SsaRenamer$BlockRenamer.addMapping(ILcom/android/dx/rop/code/RegisterSpec;)V @ 120
Event: 2.379 Thread 0x0000000017fee800 Uncommon trap: reason=bimorphic action=maybe_recompile pc=0x000000000369d1f0 method=com.android.dx.cf.code.BytecodeArray.parseInstruction(ILcom/android/dx/cf/code/BytecodeArray$Visitor;)I @ 939
Event: 2.380 Thread 0x0000000017fee800 Uncommon trap: reason=bimorphic action=maybe_recompile pc=0x000000000369d1f0 method=com.android.dx.cf.code.BytecodeArray.parseInstruction(ILcom/android/dx/cf/code/BytecodeArray$Visitor;)I @ 939
Event: 2.406 Thread 0x0000000017fee800 Uncommon trap: reason=unstable_if action=reinterpret pc=0x00000000035a6fa4 method=com.android.dx.util.LabeledList.set(ILcom/android/dx/util/LabeledItem;)V @ 16

Internal exceptions (3 events):
Event: 0.030 Thread 0x0000000002ef0800 Exception <a 'java/lang/NoSuchMethodError': Method sun.misc.Unsafe.defineClass(Ljava/lang/String;[BII)Ljava/lang/Class; name or signature does not match> (0x00000000eab0d580) thrown at [C:\re\workspace\8-2-build-windows-amd64-cygwin\jdk8u60\4407\hotspot\sr<®ƒ‹Ÿ?
Event: 0.030 Thread 0x0000000002ef0800 Exception <a 'java/lang/NoSuchMethodError': Method sun.misc.Unsafe.prefetchRead(Ljava/lang/Object;J)V name or signature does not match> (0x00000000eab0d868) thrown at [C:\re\workspace\8-2-build-windows-amd64-cygwin\jdk8u60\4407\hotspot\src\share\vm\prims\j¶ôx…á í?
Event: 0.926 Thread 0x0000000017feb800 Implicit null exception at 0x000000000352e3e2 to 0x000000000352e4da

Events (10 events):
Event: 2.417 Thread 0x0000000017fee800 DEOPT PACKING pc=0x00000000036431d8 sp=0x0000000018dee6e0
Event: 2.417 Thread 0x0000000017fee800 DEOPT UNPACKING pc=0x000000000313787f sp=0x0000000018dee428 mode 0
Event: 2.420 Thread 0x0000000017fee800 DEOPT PACKING pc=0x000000000364314b sp=0x0000000018dee660
Event: 2.420 Thread 0x0000000017fee800 DEOPT UNPACKING pc=0x000000000313787f sp=0x0000000018dee3a8 mode 0
Event: 2.425 Thread 0x0000000017fee800 DEOPT PACKING pc=0x00000000036431d8 sp=0x0000000018dee6e0
Event: 2.425 Thread 0x0000000017fee800 DEOPT UNPACKING pc=0x000000000313787f sp=0x0000000018dee428 mode 0
Event: 2.434 Thread 0x0000000017fee800 DEOPT PACKING pc=0x000000000364314b sp=0x0000000018dee660
Event: 2.434 Thread 0x0000000017fee800 DEOPT UNPACKING pc=0x000000000313787f sp=0x0000000018dee3a8 mode 0
Event: 2.439 Thread 0x0000000017fee800 DEOPT PACKING pc=0x00000000036431d8 sp=0x0000000018dee660
Event: 2.439 Thread 0x0000000017fee800 DEOPT UNPACKING pc=0x000000000313787f sp=0x0000000018dee3a8 mode 0


Dynamic libraries:
0x00007ff776350000 - 0x00007ff776387000 	C:\Program Files\Java\jdk1.8.0_60\bin\java.exe
0x00007ffe87bc0000 - 0x00007ffe87d81000 	C:\WINDOWS\SYSTEM32\ntdll.dll
0x00007ffe857f0000 - 0x00007ffe8589d000 	C:\WINDOWS\system32\KERNEL32.DLL
0x00007ffe849d0000 - 0x00007ffe84bad000 	C:\WINDOWS\system32\KERNELBASE.dll
0x00007ffe852a0000 - 0x00007ffe85346000 	C:\WINDOWS\system32\ADVAPI32.dll
0x00007ffe85c10000 - 0x00007ffe85cad000 	C:\WINDOWS\system32\msvcrt.dll
0x00007ffe85730000 - 0x00007ffe8578b000 	C:\WINDOWS\system32\sechost.dll
0x00007ffe85d90000 - 0x00007ffe85eb6000 	C:\WINDOWS\system32\RPCRT4.dll
0x00007ffe87700000 - 0x00007ffe8784e000 	C:\WINDOWS\system32\USER32.dll
0x00007ffe87a20000 - 0x00007ffe87ba6000 	C:\WINDOWS\system32\GDI32.dll
0x00007ffe81310000 - 0x00007ffe81584000 	C:\WINDOWS\WinSxS\amd64_microsoft.windows.common-controls_6595b64144ccf1df_6.0.10240.16384_none_f41f7b285750ef43\COMCTL32.dll
0x00007ffe85540000 - 0x00007ffe85576000 	C:\WINDOWS\system32\IMM32.DLL
0x00007ffe858a0000 - 0x00007ffe859fc000 	C:\WINDOWS\system32\MSCTF.dll
0x0000000058c00000 - 0x0000000058cd2000 	C:\Program Files\Java\jdk1.8.0_60\jre\bin\msvcr100.dll
0x0000000059080000 - 0x0000000059909000 	C:\Program Files\Java\jdk1.8.0_60\jre\bin\server\jvm.dll
0x00007ffe85d80000 - 0x00007ffe85d88000 	C:\WINDOWS\system32\PSAPI.DLL
0x00007ffe82680000 - 0x00007ffe82689000 	C:\WINDOWS\SYSTEM32\WSOCK32.dll
0x00007ffe85cb0000 - 0x00007ffe85d19000 	C:\WINDOWS\system32\WS2_32.dll
0x00007ffe85290000 - 0x00007ffe85298000 	C:\WINDOWS\system32\NSI.dll
0x00007ffe82880000 - 0x00007ffe828a3000 	C:\WINDOWS\SYSTEM32\WINMM.dll
0x00007ffe81aa0000 - 0x00007ffe81aaa000 	C:\WINDOWS\SYSTEM32\VERSION.dll
0x00007ffe82820000 - 0x00007ffe8284c000 	C:\WINDOWS\SYSTEM32\WINMMBASE.dll
0x00007ffe84bb0000 - 0x00007ffe84bf4000 	C:\WINDOWS\system32\cfgmgr32.dll
0x00007ffe82f60000 - 0x00007ffe82f87000 	C:\WINDOWS\SYSTEM32\DEVOBJ.dll
0x0000000059070000 - 0x000000005907f000 	C:\Program Files\Java\jdk1.8.0_60\jre\bin\verify.dll
0x0000000059040000 - 0x0000000059069000 	C:\Program Files\Java\jdk1.8.0_60\jre\bin\java.dll
0x0000000059020000 - 0x0000000059036000 	C:\Program Files\Java\jdk1.8.0_60\jre\bin\zip.dll
0x00007ffe85ec0000 - 0x00007ffe873e2000 	C:\WINDOWS\system32\SHELL32.dll
0x00007ffe84c00000 - 0x00007ffe85228000 	C:\WINDOWS\system32\windows.storage.dll
0x00007ffe87460000 - 0x00007ffe876dc000 	C:\WINDOWS\system32\combase.dll
0x00007ffe85350000 - 0x00007ffe853a1000 	C:\WINDOWS\system32\shlwapi.dll
0x00007ffe84660000 - 0x00007ffe8466f000 	C:\WINDOWS\system32\kernel.appcore.dll
0x00007ffe84740000 - 0x00007ffe847f3000 	C:\WINDOWS\system32\shcore.dll
0x00007ffe84610000 - 0x00007ffe8465a000 	C:\WINDOWS\system32\powrprof.dll
0x00007ffe845f0000 - 0x00007ffe84603000 	C:\WINDOWS\system32\profapi.dll

VM Arguments:
jvm_args: -Djava.awt.headless=true -Xmx1024M -Dfile.encoding=windows-1252 -Duser.country=ES -Duser.language=es -Duser.variant 
java_command: com.android.dx.command.Main --dex --num-threads=4 --output C:\Users\lprub\Desktop\Musica\app\build\intermediates\pre-dexed\debug\com.android.support-design-23.1.1_1f4bafc1c39b9a79fda189ccacee01236734271e.jar C:\Users\lprub\Desktop\Musica\app\build\intermediates\exploded-aar\com.android.support\design\23.1.1\jars\classes.jar
java_class_path (initial): C:\Users\lprub\AppData\Local\Android\sdk\build-tools\23.0.2\lib\dx.jar
Launcher Type: SUN_STANDARD

Environment Variables:
PATH=C:\ProgramData\Oracle\Java\javapath;C:\Program Files (x86)\Intel\iCLS Client\;C:\Program Files\Intel\iCLS Client\;C:\WINDOWS\system32;C:\WINDOWS;C:\WINDOWS\System32\Wbem;C:\WINDOWS\System32\WindowsPowerShell\v1.0\;C:\Program Files (x86)\NVIDIA Corporation\PhysX\Common;C:\Program Files (x86)\Intel\Intel(R) Management Engine Components\DAL;C:\Program Files\Intel\Intel(R) Management Engine Components\DAL;C:\Program Files (x86)\Intel\Intel(R) Management Engine Components\IPT;C:\Program Files\Intel\Intel(R) Management Engine Components\IPT;C:\Program Files (x86)\Brackets\command;C:\Program Files (x86)\Skype\Phone\
USERNAME=lprub
OS=Windows_NT
PROCESSOR_IDENTIFIER=Intel64 Family 6 Model 60 Stepping 3, GenuineIntel



---------------  S Y S T E M  ---------------

OS: Windows 10.0 , 64 bit Build 10240 (10.0.10240.16384)

CPU:total 8 (4 cores per cpu, 2 threads per core) family 6 model 60 stepping 3, cmov, cx8, fxsr, mmx, sse, sse2, sse3, ssse3, sse4.1, sse4.2, popcnt, avx, avx2, aes, clmul, erms, lzcnt, ht, tsc, tscinvbit, bmi1, bmi2

Memory: 4k page, physical 8314240k(1605936k free), swap 9362816k(5168k free)

vm_info: Java HotSpot(TM) 64-Bit Server VM (25.60-b23) for windows-amd64 JRE (1.8.0_60-b27), built on Aug  4 2015 11:06:27 by "java_re" with MS VC++ 10.0 (VS2010)

time: Mon Jan 18 18:45:03 2016
elapsed time: 3 seconds (0d 0h 0m 3s)

